node   1  (   0,    0) (   6,    3) (  11,    4) (  12,    5) (  10,    8) (  10,   10) (  10,   10) (  10,   10) (  10,   10) (  10,   10)
          (  10,   10) (  10,   10) (  10,   10) (  10,   10) (  10,   10) (  10,   10) (  10,   10) (  10,   10) (  10,   10) (  10,   10)
          (  10,   10) (  10,   10) (  10,   10) (  10,   10) (  10,   10) (  10,   10) (  10,   10) (  10,   10) (  10,   10) (  10,   10)
          (  10,   10) (  10,   10) (  10,   10) (  10,   10) (  10,   10) (  10,   10) (  10,   10) (  10,   10) (  10,   10) (  10,   10)
          (  10,   10) (  10,   10) (  10,   10) (  10,   10) (  10,   10) (  10,   10) (  10,   10) (  10,   10) (  10,   10) (  10,   10)
          (  10,   10) (  10,   10) (  10,   10) (  10,   10) (  10,   10) (  10,   10) (  10,   10) (  10,   10) (  10,   10) (  10,   10)
          (  10,   10) (  10,   10) (  10,   10) (  10,   10) (  10,   10) (  10,   10) (  10,   10) (  10,   10) (  10,   10) (  10,   10)
          (  10,   10) (  10,   10) (  10,   10) (  10,   10) (  10,   10) (  10,   10) (  10,   10) (  10,   10) (  10,   10) (  10,   10)
          (  10,   10) (  10,   10) (  10,   10) (  10,   10) (  10,   10) (  10,   10) (  10,   10) (  10,   10) (  10,   10) (  10,   10)
          (  10,   10) (  10,   10) (  10,   10) (  10,   10) (  10,   10) (  10,   10) (  10,   10) (  10,   10) (  10,   10) (  10,   10)
          (  10,   10) (  10,   10) (  10,    5) (  10,    5) (  10,    5) (  10,    5) (  10,    5) (  10,    5) (  10,    5) (  10,    5)
          (  10,    5) (  10,    5) (  10,    5) (  10,    5) (  10,    5) (  10,    5) (  10,    5) (  10,    5) (  10,    5) (  10,    5)
          (  10,    5) (  10,    5) (  10,    5) (  10,    5) (  10,    5) (  10,    5) (  10,    5) (  10,    5) (  10,    5) (  10,    5)
          (  10,    5) (  10,    5) (  10,    5) (  10,    5) (  10,    5) (  10,    5) (  10,    5) (  10,    5) (  10,    5) (  10,    5)
          (  10,    5) (  10,    5) (  10,    5) (  10,    5) (  10,    5) (  10,    5) (  10,    5) (  10,    5) (  10,    5) (  10,    5)
          (  10,    5) (  10,    5) (  10,    5) (  10,    5) (  10,    5) (  10,    5) (  10,    5) (  10,    5) (  10,    5) (  10,    5)
          (  10,    5) (  10,    5) (  10,    5) (  10,    5) (  10,    5) (  10,    5) (  10,    5) (  10,    5) (  10,    5) (  10,    5)
          (  10,    5) (  10,    5) (  10,    5) (  10,    5) (  10,    5) (  10,    5) (  10,    5) (  10,    5) (  10,    5) (  10,    5)
          (  10,    5) (  10,    5) (  10,    5) (  10,    5) (  10,    5) (  10,    5) (  10,    5) (  10,    5) (  10,    5) (  10,    5)
          (  10,    5) (  10,    5) (  10,    5) (  10,    5) (  10,    5) (  10,    5) (  10,    5) (  10,    5) (  10,    5) (  10,    5)
          (  10,    5) (  10,    5) (  10,    5) (  10,    5) (  10,    5) (  10,    5) (  10,    5) (  10,    5) (  10,    5) (  10,    5)
          (  10,    5) (  10,    5) (  10,    5) (  10,    5) (  10,    5) (  10,    5) (  10,    5) (  10,    5) (  10,    5) (  10,    5)
          (  10,    5) (  10,    5) (  10,    5) (  10,    5) (  10,    5) (  10,    5) (  10,    5) (  10,    5) (  10,    5) (  10,    5)
          (  10,    5) (  10,    5) (  10,    5) (  10,    5) (  10,    5) (  10,    5) (  10,    5) (  10,    5) (  10,    5) (  10,    5)
          (  10,    5) (  10,    5) (  10,    5) (  10,    5) (  10,    5) (  10,    5) (  10,    5) (  10,    5) (  10,    5) (  10,    5)
          (  10,    5) (  10,    5) (  10,    5) (  10,    5) (  10,    5) (  10,    5) (  10,    5) (  10,    5) (  10,    5) (  10,    5)
          (  10,    5) (  10,    5) (  10,    5) (  10,    5) (  10,    5) (  10,    5) (  10,    5) (  10,    5) (  10,    5) (  10,    5)
          (  10,    5) (  10,    5) (  10,    5) (  10,    5) (  10,    5) (  10,    5) (  10,    5) (  10,    5) (  10,    5) (  10,    5)
          (  10,    5) (  10,    5) (  10,    5) (  10,    5) (  10,    5) (  10,    5) (  10,    5) (  10,    5) (  10,    5) (  10,    5)
          (  10,    5) (  10,    5) (  10,    5) (  10,    5) (  10,    5) (  10,    5) (  10,    5) (  10,    5) (  10,    5) (  10,    5)
          (  10,    5) (  10,    5) (  10,    5) (  10,    5) (  10,    5) (  10,    5) (  10,    5) (  10,    5) (  10,    5) (  10,    5)
          (  10,    5) (  10,    5) (  10,    5) (  10,    5) (  10,    5) (  10,    5) (  10,    5) (  10,    5) (  10,    5) (  10,    5)
          (  10,    5) (  10,    5) (  10,    5) (  10,    5) (  10,    5) (  10,    5) (  10,    5) (  10,    5) (  10,    5) (  10,    5)
          (  10,    5) (  10,    5) (  10,    5) (  10,    5) (  10,    5) (  10,    5) (  10,    5) (  10,    5) (  10,    5) (  10,    5)
          (  10,    5) (  10,    5) (  10,    5) (  10,    5) (  10,    5) (  10,    5) (  10,    5) (  10,    5) (  10,    5) (  10,    5)
          (  10,    5) (  10,    5) (  10,    5) (  10,    5) (  10,    5) (  10,    5) (  10,    5) (  10,    5) (  10,    5) (  10,    5)
          (  10,    5) (  10,    5) (  10,    5) (  10,    5) (  10,    5) (  10,    5) (  10,    5) (  10,    5) (  10,    5) (  10,    5)
          (  10,    5) (  10,    5) (  10,    5) (  10,    5) (  10,    5) (  10,    5) (  10,    5) (  10,    5) (  10,    5) (  10,    5)
          (  10,    5) (  10,    5) (  10,    5) (  10,    5) (  10,    5) (  10,    5) (  10,    5) (  10,    5) (  10,    5) (  10,    5)
          (  10,    5) (  10,    5) (  10,    5) (  10,    5) (  10,    5) (  10,    5) (  10,    5) (  10,    5) (  10,    5) (  10,    5)
          (  10,    5) (  10,    5) (  10,    5) (  10,    5) (  10,    5) (  10,    5) (  10,    5) (  10,    5) (  10,    5) (  10,    5)
          (  10,    5) (  10,    5) (  10,    5) (  10,    5) (  10,    5) (  10,    5) (  10,    5) (  10,    5) (  10,    5) (  10,    5)
          (  10,    5) (  10,    5) (  10,    5) (  10,    5) (  10,    5) (  10,    5) (  10,    5) (  10,    5) (  10,    5) (  10,    5)
          (  10,    5) (  10,    5) (  10,    5) (  10,    5) (  10,    5) (  10,    5) (  10,    5) (  10,    5) (  10,    5) (  10,    5)
          (  10,    5) (  10,    5) (  10,    5) (  10,    5) (  10,    5) (  10,    5) (  10,    5) (  10,    5) (  10,    5) (  10,    5)
          (  10,    5) (  10,    5) (  10,    5) (  10,    5) (  10,    5) (  10,    5) (  10,    5) (  10,    5) (  10,    5) (  10,    5)
          (  10,    5) (  10,    5) (  10,    5) (  10,    5) (  10,    5) (  10,    5) (  10,    5) (  10,    5) (  10,    5) (  10,    5)
          (  10,    5) (  10,    5) (  10,    5) (  10,    5) (  10,    5) (  10,    5) (  10,    5) (  10,    5) (  10,    5) (  10,    5)
          (  10,    5) (  10,    5) (  10,    5) (  10,    5) (  10,    5) (  10,    5) (  10,    5) (  10,    5) (  10,    5) (  10,    5)
          (  10,    5) (  10,    5) (  10,    5) (  10,    5) (  10,    5) (  10,    5) (  10,    5) (  10,    5) (  10,    5) (  10,    5)
          (  10,    5) (  10,    5) (  10,    5) (  10,    5) (  10,    5) (  10,    5) (  10,    5) (  10,    5) (  10,    5) (  10,    5)
          (  10,    5) (  10,    5) (  10,    5) (  10,    5) (  10,    5) (  10,    5) (  10,    5) (  10,    5) (  10,    5) (  10,    5)
          (  10,    5) (  10,    5) (  10,    5) (  10,    5) (  10,    5) (  10,    5) (  10,    5) (  10,    5) (  10,    5) (  10,    5)
          (  10,    5) (  10,    5) (  10,    5) (  10,    5) (  10,    5) (  10,    5) (  10,    5) (  10,    5) (  10,    5) (  10,    5)
          (  10,    5) (  10,    5) (  10,    5) (  10,    5) (  10,    5) (  10,    5) (  10,    5) (  10,    5) (  10,    5) (  10,    5)
          (  10,    5) (  10,    5) (  10,    5) (  10,    5) (  10,    5) (  10,    5) (  10,    5) (  10,    5) (  10,    5) (  10,    5)
          (  10,    5) (  10,    5) (  10,    5) (  10,    5) (  10,    5) (  10,    5) (  10,    5) (  10,    5) (  10,    5) (  10,    5)
          (  10,    5) (  10,    5) (  10,    5) (  10,    5) (  10,    5) (  10,    5) (  10,    5) (  10,    5) (  10,    5) (  10,    5)
          (  10,    5) (  10,    5) (  10,    5) (  10,    5) (  10,    5) (  10,    5) (  10,    5) (  10,    5) (  10,    5) (  10,    5)
          (  10,    5) (  10,    5) (  10,    5) (  10,    5) (  10,    5) (  10,    5) (  10,    5) (  10,    5) (  10,    5) (  10,    5)
          (  10,    5) (  10,    5) (  10,    5) (  10,    5) (  10,    5) (  10,    5) (  10,    5) (  10,    5) (  10,    5) (  10,    5)
          (  10,    5) (  10,    5) (  10,    5) (  10,    5) (  10,    5) (  10,    5) (  10,    5) (  10,    5) (  10,    5) (  10,    5)
          (  10,    5) (  10,    5) (  10,    5) (  10,    5) (  10,    5) (  10,    5) (  10,    5) (  10,    5) (  10,    5) (  10,    5)
          (  10,    5) (  10,    5) (  10,    5) (  10,    5) (  10,    5) (  10,    5) (  10,    5) (  10,    5) (  10,    5) (  10,    5)
          (  10,    5) (  10,    5) (  10,    5) (  10,    5) (  10,    5) (  10,    5) (  10,    5) (  10,    5) (  10,    5) (  10,    5)
          (  10,    5) (  10,    5) (  10,    5) (  10,    5) (  10,    5) (  10,    5) (  10,    5) (  10,    5) (  10,    5) (  10,    5)
          (  10,    5) (  10,    5) (  10,    5) (  10,    5) (  10,    5) (  10,    5) (  10,    5) (  10,    5) (  10,    5) (  10,    5)
          (  10,    5) (  10,    5) (  10,    5) (  10,    5) (  10,    5) (  10,    5) (  10,    5) (  10,    5) (  10,    5) (  10,    5)
          (  10,    5) (  10,    5) (  10,    5) (  10,    5) (  10,    5) (  10,    5) (  10,    5) (  10,    5) (  10,    5) (  10,    5)
          (  10,    5) (  10,    5) (  10,    5) (  10,    5) (  10,    5) (  10,    5) (  10,    5) (  10,    5) (  10,    5) (  10,    5)
         
node   1 sent_total   6989  recv_total   3980

node   2  (   1,    0) (   0,    0) (   4,    2) (   8,    4) (  10,    8) (  10,   10) (  10,   10) (  10,   10) (  10,   10) (  10,   10)
          (  10,   10) (  10,   10) (  10,   10) (  10,   10) (  10,   10) (  10,   10) (  10,   10) (  10,   10) (  10,   10) (  10,   10)
          (  10,   10) (  10,   10) (  10,   10) (  10,   10) (  10,   10) (  10,   10) (  10,   10) (  10,   10) (  10,   10) (  10,   10)
          (  10,   10) (  10,   10) (  10,   10) (  10,   10) (  10,   10) (  10,   10) (  10,   10) (  10,   10) (  10,   10) (  10,   10)
          (  10,   10) (  10,   10) (  10,   10) (  10,   10) (  10,   10) (  10,   10) (  10,   10) (  10,   10) (  10,   10) (  10,   10)
          (  10,   10) (  10,   10) (  10,   10) (  10,   10) (  10,   10) (  10,   10) (  10,   10) (  10,   10) (  10,   10) (  10,   10)
          (  10,   10) (  10,   10) (  10,   10) (  10,   10) (  10,   10) (  10,   10) (  10,   10) (  10,   10) (  10,   10) (  10,   10)
          (  10,   10) (  10,   10) (  10,   10) (  10,   10) (  10,   10) (  10,   10) (  10,   10) (  10,   10) (  10,   10) (  10,   10)
          (  10,   10) (  10,   10) (  10,   10) (  10,   10) (  10,   10) (  10,   10) (  10,   10) (  10,   10) (  10,   10) (  10,   10)
          (  10,   10) (  10,   10) (  10,   10) (  10,   10) (  10,   10) (  10,   10) (  10,   10) (  10,   10) (  10,   10) (  10,   10)
          (  10,   10) (  10,   10) (  10,    5) (  10,    5) (  10,    5) (  10,    5) (  10,    5) (  10,    5) (  10,    5) (  10,    5)
          (  10,    5) (  10,    5) (  10,    5) (  10,    5) (  10,    5) (  10,    5) (  10,    5) (  10,    5) (  10,    5) (  10,    5)
          (  10,    5) (  10,    5) (  10,    5) (  10,    5) (  10,    5) (  10,    5) (  10,    5) (  10,    5) (  10,    5) (  10,    5)
          (  10,    5) (  10,    5) (  10,    5) (  10,    5) (  10,    5) (  10,    5) (  10,    5) (  10,    5) (  10,    5) (  10,    5)
          (  10,    5) (  10,    5) (  10,    5) (  10,    5) (  10,    5) (  10,    5) (  10,    5) (  10,    5) (  10,    5) (  10,    5)
          (  10,    5) (  10,    5) (  10,    5) (  10,    5) (  10,    5) (  10,    5) (  10,    5) (  10,    5) (  10,    5) (  10,    5)
          (  10,    5) (  10,    5) (  10,    5) (  10,    5) (  10,    5) (  10,    5) (  10,    5) (  10,    5) (  10,    5) (  10,    5)
          (  10,    5) (  10,    5) (  10,    5) (  10,    5) (  10,    5) (  10,    5) (  10,    5) (  10,    5) (  10,    5) (  10,    5)
          (  10,    5) (  10,    5) (  10,    5) (  10,    5) (  10,    5) (  10,    5) (  10,    5) (  10,    5) (  10,    5) (  10,    5)
          (  10,    5) (  10,    5) (  10,    5) (  10,    5) (  10,    5) (  10,    5) (  10,    5) (  10,    5) (  10,    5) (  10,    5)
          (  10,    5) (  10,    5) (  10,    5) (  10,    5) (  10,    5) (  10,    5) (  10,    5) (  10,    5) (  10,    5) (  10,    5)
          (  10,    5) (  10,    5) (  10,    5) (  10,    5) (  10,    5) (  10,    5) (  10,    5) (  10,    5) (  10,    5) (  10,    5)
          (  10,    5) (  10,    5) (  10,    5) (  10,    5) (  10,    5) (  10,    5) (  10,    5) (  10,    5) (  10,    5) (  10,    5)
          (  10,    5) (  10,    5) (  10,    5) (  10,    5) (  10,    5) (  10,    5) (  10,    5) (  10,    5) (  10,    5) (  10,    5)
          (  10,    5) (  10,    5) (  10,    5) (  10,    5) (  10,    5) (  10,    5) (  10,    5) (  10,    5) (  10,    5) (  10,    5)
          (  10,    5) (  10,    5) (  10,    5) (  10,    5) (  10,    5) (  10,    5) (  10,    5) (  10,    5) (  10,    5) (  10,    5)
          (  10,    5) (  10,    5) (  10,    5) (  10,    5) (  10,    5) (  10,    5) (  10,    5) (  10,    5) (  10,    5) (  10,    5)
          (  10,    5) (  10,    5) (  10,    5) (  10,    5) (  10,    5) (  10,    5) (  10,    5) (  10,    5) (  10,    5) (  10,    5)
          (  10,    5) (  10,    5) (  10,    5) (  10,    5) (  10,    5) (  10,    5) (  10,    5) (  10,    5) (  10,    5) (  10,    5)
          (  10,    5) (  10,    5) (  10,    5) (  10,    5) (  10,    5) (  10,    5) (  10,    5) (  10,    5) (  10,    5) (  10,    5)
          (  10,    5) (  10,    5) (  10,    5) (  10,    5) (  10,    5) (  10,    5) (  10,    5) (  10,    5) (  10,    5) (  10,    5)
          (  10,    5) (  10,    5) (  10,    5) (  10,    5) (  10,    5) (  10,    5) (  10,    5) (  10,    5) (  10,    5) (  10,    5)
          (  10,    5) (  10,    5) (  10,    5) (  10,    5) (  10,    5) (  10,    5) (  10,    5) (  10,    5) (  10,    5) (  10,    5)
          (  10,    5) (  10,    5) (  10,    5) (  10,    5) (  10,    5) (  10,    5) (  10,    5) (  10,    5) (  10,    5) (  10,    5)
          (  10,    5) (  10,    5) (  10,    5) (  10,    5) (  10,    5) (  10,    5) (  10,    5) (  10,    5) (  10,    5) (  10,    5)
          (  10,    5) (  10,    5) (  10,    5) (  10,    5) (  10,    5) (  10,    5) (  10,    5) (  10,    5) (  10,    5) (  10,    5)
          (  10,    5) (  10,    5) (  10,    5) (  10,    5) (  10,    5) (  10,    5) (  10,    5) (  10,    5) (  10,    5) (  10,    5)
          (  10,    5) (  10,    5) (  10,    5) (  10,    5) (  10,    5) (  10,    5) (  10,    5) (  10,    5) (  10,    5) (  10,    5)
          (  10,    5) (  10,    5) (  10,    5) (  10,    5) (  10,    5) (  10,    5) (  10,    5) (  10,    5) (  10,    5) (  10,    5)
          (  10,    5) (  10,    5) (  10,    5) (  10,    5) (  10,    5) (  10,    5) (  10,    5) (  10,    5) (  10,    5) (  10,    5)
          (  10,    5) (  10,    5) (  10,    5) (  10,    5) (  10,    5) (  10,    5) (  10,    5) (  10,    5) (  10,    5) (  10,    5)
          (  10,    5) (  10,    5) (  10,    5) (  10,    5) (  10,    5) (  10,    5) (  10,    5) (  10,    5) (  10,    5) (  10,    5)
          (  10,    5) (  10,    5) (  10,    5) (  10,    5) (  10,    5) (  10,    5) (  10,    5) (  10,    5) (  10,    5) (  10,    5)
          (  10,    5) (  10,    5) (  10,    5) (  10,    5) (  10,    5) (  10,    5) (  10,    5) (  10,    5) (  10,    5) (  10,    5)
          (  10,    5) (  10,    5) (  10,    5) (  10,    5) (  10,    5) (  10,    5) (  10,    5) (  10,    5) (  10,    5) (  10,    5)
          (  10,    5) (  10,    5) (  10,    5) (  10,    5) (  10,    5) (  10,    5) (  10,    5) (  10,    5) (  10,    5) (  10,    5)
          (  10,    5) (  10,    5) (  10,    5) (  10,    5) (  10,    5) (  10,    5) (  10,    5) (  10,    5) (  10,    5) (  10,    5)
          (  10,    5) (  10,    5) (  10,    5) (  10,    5) (  10,    5) (  10,    5) (  10,    5) (  10,    5) (  10,    5) (  10,    5)
          (  10,    5) (  10,    5) (  10,    5) (  10,    5) (  10,    5) (  10,    5) (  10,    5) (  10,    5) (  10,    5) (  10,    5)
          (  10,    5) (  10,    5) (  10,    5) (  10,    5) (  10,    5) (  10,    5) (  10,    5) (  10,    5) (  10,    5) (  10,    5)
          (  10,    5) (  10,    5) (  10,    5) (  10,    5) (  10,    5) (  10,    5) (  10,    5) (  10,    5) (  10,    5) (  10,    5)
          (  10,    5) (  10,    5) (  10,    5) (  10,    5) (  10,    5) (  10,    5) (  10,    5) (  10,    5) (  10,    5) (  10,    5)
          (  10,    5) (  10,    5) (  10,    5) (  10,    5) (  10,    5) (  10,    5) (  10,    5) (  10,    5) (  10,    5) (  10,    5)
          (  10,    5) (  10,    5) (  10,    5) (  10,    5) (  10,    5) (  10,    5) (  10,    5) (  10,    5) (  10,    5) (  10,    5)
          (  10,    5) (  10,    5) (  10,    5) (  10,    5) (  10,    5) (  10,    5) (  10,    5) (  10,    5) (  10,    5) (  10,    5)
          (  10,    5) (  10,    5) (  10,    5) (  10,    5) (  10,    5) (  10,    5) (  10,    5) (  10,    5) (  10,    5) (  10,    5)
          (  10,    5) (  10,    5) (  10,    5) (  10,    5) (  10,    5) (  10,    5) (  10,    5) (  10,    5) (  10,    5) (  10,    5)
          (  10,    5) (  10,    5) (  10,    5) (  10,    5) (  10,    5) (  10,    5) (  10,    5) (  10,    5) (  10,    5) (  10,    5)
          (  10,    5) (  10,    5) (  10,    5) (  10,    5) (  10,    5) (  10,    5) (  10,    5) (  10,    5) (  10,    5) (  10,    5)
          (  10,    5) (  10,    5) (  10,    5) (  10,    5) (  10,    5) (  10,    5) (  10,    5) (  10,    5) (  10,    5) (  10,    5)
          (  10,    5) (  10,    5) (  10,    5) (  10,    5) (  10,    5) (  10,    5) (  10,    5) (  10,    5) (  10,    5) (  10,    5)
          (  10,    5) (  10,    5) (  10,    5) (  10,    5) (  10,    5) (  10,    5) (  10,    5) (  10,    5) (  10,    5) (  10,    5)
          (  10,    5) (  10,    5) (  10,    5) (  10,    5) (  10,    5) (  10,    5) (  10,    5) (  10,    5) (  10,    5) (  10,    5)
          (  10,    5) (  10,    5) (  10,    5) (  10,    5) (  10,    5) (  10,    5) (  10,    5) (  10,    5) (  10,    5) (  10,    5)
          (  10,    5) (  10,    5) (  10,    5) (  10,    5) (  10,    5) (  10,    5) (  10,    5) (  10,    5) (  10,    5) (  10,    5)
          (  10,    5) (  10,    5) (  10,    5) (  10,    5) (  10,    5) (  10,    5) (  10,    5) (  10,    5) (  10,    5) (  10,    5)
          (  10,    5) (  10,    5) (  10,    5) (  10,    5) (  10,    5) (  10,    5) (  10,    5) (  10,    5) (  10,    5) (  10,    5)
          (  10,    5) (  10,    5) (  10,    5) (  10,    5) (  10,    5) (  10,    5) (  10,    5) (  10,    5) (  10,    5) (  10,    5)
          (  10,    5) (  10,    5) (  10,    5) (  10,    5) (  10,    5) (  10,    5) (  10,    5) (  10,    5) (  10,    5) (  10,    5)
          (  10,    5) (  10,    5) (  10,    5) (  10,    5) (  10,    5) (  10,    5) (  10,    5) (  10,    5) (  10,    5) (  10,    5)
         
node   2 sent_total   6973  recv_total   3974

node   3  (   1,    0) (   0,    0) (   4,    2) (   8,    4) (  10,    8) (  10,   10) (  10,   10) (  10,   10) (  10,   10) (  10,   10)
          (  10,   10) (  10,   10) (  10,   10) (  10,   10) (  10,   10) (  10,   10) (  10,   10) (  10,   10) (  10,   10) (  10,   10)
          (  10,   10) (  10,   10) (  10,   10) (  10,   10) (  10,   10) (  10,   10) (  10,   10) (  10,   10) (  10,   10) (  10,   10)
          (  10,   10) (  10,   10) (  10,   10) (  10,   10) (  10,   10) (  10,   10) (  10,   10) (  10,   10) (  10,   10) (  10,   10)
          (  10,   10) (  10,   10) (  10,   10) (  10,   10) (  10,   10) (  10,   10) (  10,   10) (  10,   10) (  10,   10) (  10,   10)
          (  10,   10) (  10,   10) (  10,   10) (  10,   10) (  10,   10) (  10,   10) (  10,   10) (  10,   10) (  10,   10) (  10,   10)
          (  10,   10) (  10,   10) (  10,   10) (  10,   10) (  10,   10) (  10,   10) (  10,   10) (  10,   10) (  10,   10) (  10,   10)
          (  10,   10) (  10,   10) (  10,   10) (  10,   10) (  10,   10) (  10,   10) (  10,   10) (  10,   10) (  10,   10) (  10,   10)
          (  10,   10) (  10,   10) (  10,   10) (  10,   10) (  10,   10) (  10,   10) (  10,   10) (  10,   10) (  10,   10) (  10,   10)
          (  10,   10) (  10,   10) (  10,   10) (  10,   10) (  10,   10) (  10,   10) (  10,   10) (  10,   10) (  10,   10) (  10,   10)
          (  10,   10) (  10,   10) (  10,    5) (  10,    5) (  10,    5) (  10,    5) (  10,    5) (  10,    5) (  10,    5) (  10,    5)
          (  10,    5) (  10,    5) (  10,    5) (  10,    5) (  10,    5) (  10,    5) (  10,    5) (  10,    5) (  10,    5) (  10,    5)
          (  10,    5) (  10,    5) (  10,    5) (  10,    5) (  10,    5) (  10,    5) (  10,    5) (  10,    5) (  10,    5) (  10,    5)
          (  10,    5) (  10,    5) (  10,    5) (  10,    5) (  10,    5) (  10,    5) (  10,    5) (  10,    5) (  10,    5) (  10,    5)
          (  10,    5) (  10,    5) (  10,    5) (  10,    5) (  10,    5) (  10,    5) (  10,    5) (  10,    5) (  10,    5) (  10,    5)
          (  10,    5) (  10,    5) (  10,    5) (  10,    5) (  10,    5) (  10,    5) (  10,    5) (  10,    5) (  10,    5) (  10,    5)
          (  10,    5) (  10,    5) (  10,    5) (  10,    5) (  10,    5) (  10,    5) (  10,    5) (  10,    5) (  10,    5) (  10,    5)
          (  10,    5) (  10,    5) (  10,    5) (  10,    5) (  10,    5) (  10,    5) (  10,    5) (  10,    5) (  10,    5) (  10,    5)
          (  10,    5) (  10,    5) (  10,    5) (  10,    5) (  10,    5) (  10,    5) (  10,    5) (  10,    5) (  10,    5) (  10,    5)
          (  10,    5) (  10,    5) (  10,    5) (  10,    5) (  10,    5) (  10,    5) (  10,    5) (  10,    5) (  10,    5) (  10,    5)
          (  10,    5) (  10,    5) (  10,    5) (  10,    5) (  10,    5) (  10,    5) (  10,    5) (  10,    5) (  10,    5) (  10,    5)
          (  10,    5) (  10,    5) (  10,    5) (  10,    5) (  10,    5) (  10,    5) (  10,    5) (  10,    5) (  10,    5) (  10,    5)
          (  10,    5) (  10,    5) (  10,    5) (  10,    5) (  10,    5) (  10,    5) (  10,    5) (  10,    5) (  10,    5) (  10,    5)
          (  10,    5) (  10,    5) (  10,    5) (  10,    5) (  10,    5) (  10,    5) (  10,    5) (  10,    5) (  10,    5) (  10,    5)
          (  10,    5) (  10,    5) (  10,    5) (  10,    5) (  10,    5) (  10,    5) (  10,    5) (  10,    5) (  10,    5) (  10,    5)
          (  10,    5) (  10,    5) (  10,    5) (  10,    5) (  10,    5) (  10,    5) (  10,    5) (  10,    5) (  10,    5) (  10,    5)
          (  10,    5) (  10,    5) (  10,    5) (  10,    5) (  10,    5) (  10,    5) (  10,    5) (  10,    5) (  10,    5) (  10,    5)
          (  10,    5) (  10,    5) (  10,    5) (  10,    5) (  10,    5) (  10,    5) (  10,    5) (  10,    5) (  10,    5) (  10,    5)
          (  10,    5) (  10,    5) (  10,    5) (  10,    5) (  10,    5) (  10,    5) (  10,    5) (  10,    5) (  10,    5) (  10,    5)
          (  10,    5) (  10,    5) (  10,    5) (  10,    5) (  10,    5) (  10,    5) (  10,    5) (  10,    5) (  10,    5) (  10,    5)
          (  10,    5) (  10,    5) (  10,    5) (  10,    5) (  10,    5) (  10,    5) (  10,    5) (  10,    5) (  10,    5) (  10,    5)
          (  10,    5) (  10,    5) (  10,    5) (  10,    5) (  10,    5) (  10,    5) (  10,    5) (  10,    5) (  10,    5) (  10,    5)
          (  10,    5) (  10,    5) (  10,    5) (  10,    5) (  10,    5) (  10,    5) (  10,    5) (  10,    5) (  10,    5) (  10,    5)
          (  10,    5) (  10,    5) (  10,    5) (  10,    5) (  10,    5) (  10,    5) (  10,    5) (  10,    5) (  10,    5) (  10,    5)
          (  10,    5) (  10,    5) (  10,    5) (  10,    5) (  10,    5) (  10,    5) (  10,    5) (  10,    5) (  10,    5) (  10,    5)
          (  10,    5) (  10,    5) (  10,    5) (  10,    5) (  10,    5) (  10,    5) (  10,    5) (  10,    5) (  10,    5) (  10,    5)
          (  10,    5) (  10,    5) (  10,    5) (  10,    5) (  10,    5) (  10,    5) (  10,    5) (  10,    5) (  10,    5) (  10,    5)
          (  10,    5) (  10,    5) (  10,    5) (  10,    5) (  10,    5) (  10,    5) (  10,    5) (  10,    5) (  10,    5) (  10,    5)
          (  10,    5) (  10,    5) (  10,    5) (  10,    5) (  10,    5) (  10,    5) (  10,    5) (  10,    5) (  10,    5) (  10,    5)
          (  10,    5) (  10,    5) (  10,    5) (  10,    5) (  10,    5) (  10,    5) (  10,    5) (  10,    5) (  10,    5) (  10,    5)
          (  10,    5) (  10,    5) (  10,    5) (  10,    5) (  10,    5) (  10,    5) (  10,    5) (  10,    5) (  10,    5) (  10,    5)
          (  10,    5) (  10,    5) (  10,    5) (  10,    5) (  10,    5) (  10,    5) (  10,    5) (  10,    5) (  10,    5) (  10,    5)
          (  10,    5) (  10,    5) (  10,    5) (  10,    5) (  10,    5) (  10,    5) (  10,    5) (  10,    5) (  10,    5) (  10,    5)
          (  10,    5) (  10,    5) (  10,    5) (  10,    5) (  10,    5) (  10,    5) (  10,    5) (  10,    5) (  10,    5) (  10,    5)
          (  10,    5) (  10,    5) (  10,    5) (  10,    5) (  10,    5) (  10,    5) (  10,    5) (  10,    5) (  10,    5) (  10,    5)
          (  10,    5) (  10,    5) (  10,    5) (  10,    5) (  10,    5) (  10,    5) (  10,    5) (  10,    5) (  10,    5) (  10,    5)
          (  10,    5) (  10,    5) (  10,    5) (  10,    5) (  10,    5) (  10,    5) (  10,    5) (  10,    5) (  10,    5) (  10,    5)
          (  10,    5) (  10,    5) (  10,    5) (  10,    5) (  10,    5) (  10,    5) (  10,    5) (  10,    5) (  10,    5) (  10,    5)
          (  10,    5) (  10,    5) (  10,    5) (  10,    5) (  10,    5) (  10,    5) (  10,    5) (  10,    5) (  10,    5) (  10,    5)
          (  10,    5) (  10,    5) (  10,    5) (  10,    5) (  10,    5) (  10,    5) (  10,    5) (  10,    5) (  10,    5) (  10,    5)
          (  10,    5) (  10,    5) (  10,    5) (  10,    5) (  10,    5) (  10,    5) (  10,    5) (  10,    5) (  10,    5) (  10,    5)
          (  10,    5) (  10,    5) (  10,    5) (  10,    5) (  10,    5) (  10,    5) (  10,    5) (  10,    5) (  10,    5) (  10,    5)
          (  10,    5) (  10,    5) (  10,    5) (  10,    5) (  10,    5) (  10,    5) (  10,    5) (  10,    5) (  10,    5) (  10,    5)
          (  10,    5) (  10,    5) (  10,    5) (  10,    5) (  10,    5) (  10,    5) (  10,    5) (  10,    5) (  10,    5) (  10,    5)
          (  10,    5) (  10,    5) (  10,    5) (  10,    5) (  10,    5) (  10,    5) (  10,    5) (  10,    5) (  10,    5) (  10,    5)
          (  10,    5) (  10,    5) (  10,    5) (  10,    5) (  10,    5) (  10,    5) (  10,    5) (  10,    5) (  10,    5) (  10,    5)
          (  10,    5) (  10,    5) (  10,    5) (  10,    5) (  10,    5) (  10,    5) (  10,    5) (  10,    5) (  10,    5) (  10,    5)
          (  10,    5) (  10,    5) (  10,    5) (  10,    5) (  10,    5) (  10,    5) (  10,    5) (  10,    5) (  10,    5) (  10,    5)
          (  10,    5) (  10,    5) (  10,    5) (  10,    5) (  10,    5) (  10,    5) (  10,    5) (  10,    5) (  10,    5) (  10,    5)
          (  10,    5) (  10,    5) (  10,    5) (  10,    5) (  10,    5) (  10,    5) (  10,    5) (  10,    5) (  10,    5) (  10,    5)
          (  10,    5) (  10,    5) (  10,    5) (  10,    5) (  10,    5) (  10,    5) (  10,    5) (  10,    5) (  10,    5) (  10,    5)
          (  10,    5) (  10,    5) (  10,    5) (  10,    5) (  10,    5) (  10,    5) (  10,    5) (  10,    5) (  10,    5) (  10,    5)
          (  10,    5) (  10,    5) (  10,    5) (  10,    5) (  10,    5) (  10,    5) (  10,    5) (  10,    5) (  10,    5) (  10,    5)
          (  10,    5) (  10,    5) (  10,    5) (  10,    5) (  10,    5) (  10,    5) (  10,    5) (  10,    5) (  10,    5) (  10,    5)
          (  10,    5) (  10,    5) (  10,    5) (  10,    5) (  10,    5) (  10,    5) (  10,    5) (  10,    5) (  10,    5) (  10,    5)
          (  10,    5) (  10,    5) (  10,    5) (  10,    5) (  10,    5) (  10,    5) (  10,    5) (  10,    5) (  10,    5) (  10,    5)
          (  10,    5) (  10,    5) (  10,    5) (  10,    5) (  10,    5) (  10,    5) (  10,    5) (  10,    5) (  10,    5) (  10,    5)
          (  10,    5) (  10,    5) (  10,    5) (  10,    5) (  10,    5) (  10,    5) (  10,    5) (  10,    5) (  10,    5) (  10,    5)
          (  10,    5) (  10,    5) (  10,    5) (  10,    5) (  10,    5) (  10,    5) (  10,    5) (  10,    5) (  10,    5) (  10,    5)
          (  10,    5) (  10,    5) (  10,    5) (  10,    5) (  10,    5) (  10,    5) (  10,    5) (  10,    5) (  10,    5) (  10,    5)
         
node   3 sent_total   6973  recv_total   3974

node   4  (   1,    0) (   0,    0) (   4,    2) (   8,    4) (  10,    8) (  10,   10) (  10,   10) (  10,   10) (  10,   10) (  10,   10)
          (  10,   10) (  10,   10) (  10,   10) (  10,   10) (  10,   10) (  10,   10) (  10,   10) (  10,   10) (  10,   10) (  10,   10)
          (  10,   10) (  10,   10) (  10,   10) (  10,   10) (  10,   10) (  10,   10) (  10,   10) (  10,   10) (  10,   10) (  10,   10)
          (  10,   10) (  10,   10) (  10,   10) (  10,   10) (  10,   10) (  10,   10) (  10,   10) (  10,   10) (  10,   10) (  10,   10)
          (  10,   10) (  10,   10) (  10,   10) (  10,   10) (  10,   10) (  10,   10) (  10,   10) (  10,   10) (  10,   10) (  10,   10)
          (  10,   10) (  10,   10) (  10,   10) (  10,   10) (  10,   10) (  10,   10) (  10,   10) (  10,   10) (  10,   10) (  10,   10)
          (  10,   10) (  10,   10) (  10,   10) (  10,   10) (  10,   10) (  10,   10) (  10,   10) (  10,   10) (  10,   10) (  10,   10)
          (  10,   10) (  10,   10) (  10,   10) (  10,   10) (  10,   10) (  10,   10) (  10,   10) (  10,   10) (  10,   10) (  10,   10)
          (  10,   10) (  10,   10) (  10,   10) (  10,   10) (  10,   10) (  10,   10) (  10,   10) (  10,   10) (  10,   10) (  10,   10)
          (  10,   10) (  10,   10) (  10,   10) (  10,   10) (  10,   10) (  10,   10) (  10,   10) (  10,   10) (  10,   10) (  10,   10)
          (  10,   10) (  10,   10) (  10,    5) (  10,    5) (  10,    5) (  10,    5) (  10,    5) (  10,    5) (  10,    5) (  10,    5)
          (  10,    5) (  10,    5) (  10,    5) (  10,    5) (  10,    5) (  10,    5) (  10,    5) (  10,    5) (  10,    5) (  10,    5)
          (  10,    5) (  10,    5) (  10,    5) (  10,    5) (  10,    5) (  10,    5) (  10,    5) (  10,    5) (  10,    5) (  10,    5)
          (  10,    5) (  10,    5) (  10,    5) (  10,    5) (  10,    5) (  10,    5) (  10,    5) (  10,    5) (  10,    5) (  10,    5)
          (  10,    5) (  10,    5) (  10,    5) (  10,    5) (  10,    5) (  10,    5) (  10,    5) (  10,    5) (  10,    5) (  10,    5)
          (  10,    5) (  10,    5) (  10,    5) (  10,    5) (  10,    5) (  10,    5) (  10,    5) (  10,    5) (  10,    5) (  10,    5)
          (  10,    5) (  10,    5) (  10,    5) (  10,    5) (  10,    5) (  10,    5) (  10,    5) (  10,    5) (  10,    5) (  10,    5)
          (  10,    5) (  10,    5) (  10,    5) (  10,    5) (  10,    5) (  10,    5) (  10,    5) (  10,    5) (  10,    5) (  10,    5)
          (  10,    5) (  10,    5) (  10,    5) (  10,    5) (  10,    5) (  10,    5) (  10,    5) (  10,    5) (  10,    5) (  10,    5)
          (  10,    5) (  10,    5) (  10,    5) (  10,    5) (  10,    5) (  10,    5) (  10,    5) (  10,    5) (  10,    5) (  10,    5)
          (  10,    5) (  10,    5) (  10,    5) (  10,    5) (  10,    5) (  10,    5) (  10,    5) (  10,    5) (  10,    5) (  10,    5)
          (  10,    5) (  10,    5) (  10,    5) (  10,    5) (  10,    5) (  10,    5) (  10,    5) (  10,    5) (  10,    5) (  10,    5)
          (  10,    5) (  10,    5) (  10,    5) (  10,    5) (  10,    5) (  10,    5) (  10,    5) (  10,    5) (  10,    5) (  10,    5)
          (  10,    5) (  10,    5) (  10,    5) (  10,    5) (  10,    5) (  10,    5) (  10,    5) (  10,    5) (  10,    5) (  10,    5)
          (  10,    5) (  10,    5) (  10,    5) (  10,    5) (  10,    5) (  10,    5) (  10,    5) (  10,    5) (  10,    5) (  10,    5)
          (  10,    5) (  10,    5) (  10,    5) (  10,    5) (  10,    5) (  10,    5) (  10,    5) (  10,    5) (  10,    5) (  10,    5)
          (  10,    5) (  10,    5) (  10,    5) (  10,    5) (  10,    5) (  10,    5) (  10,    5) (  10,    5) (  10,    5) (  10,    5)
          (  10,    5) (  10,    5) (  10,    5) (  10,    5) (  10,    5) (  10,    5) (  10,    5) (  10,    5) (  10,    5) (  10,    5)
          (  10,    5) (  10,    5) (  10,    5) (  10,    5) (  10,    5) (  10,    5) (  10,    5) (  10,    5) (  10,    5) (  10,    5)
          (  10,    5) (  10,    5) (  10,    5) (  10,    5) (  10,    5) (  10,    5) (  10,    5) (  10,    5) (  10,    5) (  10,    5)
          (  10,    5) (  10,    5) (  10,    5) (  10,    5) (  10,    5) (  10,    5) (  10,    5) (  10,    5) (  10,    5) (  10,    5)
          (  10,    5) (  10,    5) (  10,    5) (  10,    5) (  10,    5) (  10,    5) (  10,    5) (  10,    5) (  10,    5) (  10,    5)
          (  10,    5) (  10,    5) (  10,    5) (  10,    5) (  10,    5) (  10,    5) (  10,    5) (  10,    5) (  10,    5) (  10,    5)
          (  10,    5) (  10,    5) (  10,    5) (  10,    5) (  10,    5) (  10,    5) (  10,    5) (  10,    5) (  10,    5) (  10,    5)
          (  10,    5) (  10,    5) (  10,    5) (  10,    5) (  10,    5) (  10,    5) (  10,    5) (  10,    5) (  10,    5) (  10,    5)
          (  10,    5) (  10,    5) (  10,    5) (  10,    5) (  10,    5) (  10,    5) (  10,    5) (  10,    5) (  10,    5) (  10,    5)
          (  10,    5) (  10,    5) (  10,    5) (  10,    5) (  10,    5) (  10,    5) (  10,    5) (  10,    5) (  10,    5) (  10,    5)
          (  10,    5) (  10,    5) (  10,    5) (  10,    5) (  10,    5) (  10,    5) (  10,    5) (  10,    5) (  10,    5) (  10,    5)
          (  10,    5) (  10,    5) (  10,    5) (  10,    5) (  10,    5) (  10,    5) (  10,    5) (  10,    5) (  10,    5) (  10,    5)
          (  10,    5) (  10,    5) (  10,    5) (  10,    5) (  10,    5) (  10,    5) (  10,    5) (  10,    5) (  10,    5) (  10,    5)
          (  10,    5) (  10,    5) (  10,    5) (  10,    5) (  10,    5) (  10,    5) (  10,    5) (  10,    5) (  10,    5) (  10,    5)
          (  10,    5) (  10,    5) (  10,    5) (  10,    5) (  10,    5) (  10,    5) (  10,    5) (  10,    5) (  10,    5) (  10,    5)
          (  10,    5) (  10,    5) (  10,    5) (  10,    5) (  10,    5) (  10,    5) (  10,    5) (  10,    5) (  10,    5) (  10,    5)
          (  10,    5) (  10,    5) (  10,    5) (  10,    5) (  10,    5) (  10,    5) (  10,    5) (  10,    5) (  10,    5) (  10,    5)
          (  10,    5) (  10,    5) (  10,    5) (  10,    5) (  10,    5) (  10,    5) (  10,    5) (  10,    5) (  10,    5) (  10,    5)
          (  10,    5) (  10,    5) (  10,    5) (  10,    5) (  10,    5) (  10,    5) (  10,    5) (  10,    5) (  10,    5) (  10,    5)
          (  10,    5) (  10,    5) (  10,    5) (  10,    5) (  10,    5) (  10,    5) (  10,    5) (  10,    5) (  10,    5) (  10,    5)
          (  10,    5) (  10,    5) (  10,    5) (  10,    5) (  10,    5) (  10,    5) (  10,    5) (  10,    5) (  10,    5) (  10,    5)
          (  10,    5) (  10,    5) (  10,    5) (  10,    5) (  10,    5) (  10,    5) (  10,    5) (  10,    5) (  10,    5) (  10,    5)
          (  10,    5) (  10,    5) (  10,    5) (  10,    5) (  10,    5) (  10,    5) (  10,    5) (  10,    5) (  10,    5) (  10,    5)
          (  10,    5) (  10,    5) (  10,    5) (  10,    5) (  10,    5) (  10,    5) (  10,    5) (  10,    5) (  10,    5) (  10,    5)
          (  10,    5) (  10,    5) (  10,    5) (  10,    5) (  10,    5) (  10,    5) (  10,    5) (  10,    5) (  10,    5) (  10,    5)
          (  10,    5) (  10,    5) (  10,    5) (  10,    5) (  10,    5) (  10,    5) (  10,    5) (  10,    5) (  10,    5) (  10,    5)
          (  10,    5) (  10,    5) (  10,    5) (  10,    5) (  10,    5) (  10,    5) (  10,    5) (  10,    5) (  10,    5) (  10,    5)
          (  10,    5) (  10,    5) (  10,    5) (  10,    5) (  10,    5) (  10,    5) (  10,    5) (  10,    5) (  10,    5) (  10,    5)
          (  10,    5) (  10,    5) (  10,    5) (  10,    5) (  10,    5) (  10,    5) (  10,    5) (  10,    5) (  10,    5) (  10,    5)
          (  10,    5) (  10,    5) (  10,    5) (  10,    5) (  10,    5) (  10,    5) (  10,    5) (  10,    5) (  10,    5) (  10,    5)
          (  10,    5) (  10,    5) (  10,    5) (  10,    5) (  10,    5) (  10,    5) (  10,    5) (  10,    5) (  10,    5) (  10,    5)
          (  10,    5) (  10,    5) (  10,    5) (  10,    5) (  10,    5) (  10,    5) (  10,    5) (  10,    5) (  10,    5) (  10,    5)
          (  10,    5) (  10,    5) (  10,    5) (  10,    5) (  10,    5) (  10,    5) (  10,    5) (  10,    5) (  10,    5) (  10,    5)
          (  10,    5) (  10,    5) (  10,    5) (  10,    5) (  10,    5) (  10,    5) (  10,    5) (  10,    5) (  10,    5) (  10,    5)
          (  10,    5) (  10,    5) (  10,    5) (  10,    5) (  10,    5) (  10,    5) (  10,    5) (  10,    5) (  10,    5) (  10,    5)
          (  10,    5) (  10,    5) (  10,    5) (  10,    5) (  10,    5) (  10,    5) (  10,    5) (  10,    5) (  10,    5) (  10,    5)
          (  10,    5) (  10,    5) (  10,    5) (  10,    5) (  10,    5) (  10,    5) (  10,    5) (  10,    5) (  10,    5) (  10,    5)
          (  10,    5) (  10,    5) (  10,    5) (  10,    5) (  10,    5) (  10,    5) (  10,    5) (  10,    5) (  10,    5) (  10,    5)
          (  10,    5) (  10,    5) (  10,    5) (  10,    5) (  10,    5) (  10,    5) (  10,    5) (  10,    5) (  10,    5) (  10,    5)
          (  10,    5) (  10,    5) (  10,    5) (  10,    5) (  10,    5) (  10,    5) (  10,    5) (  10,    5) (  10,    5) (  10,    5)
          (  10,    5) (  10,    5) (  10,    5) (  10,    5) (  10,    5) (  10,    5) (  10,    5) (  10,    5) (  10,    5) (  10,    5)
          (  10,    5) (  10,    5) (  10,    5) (  10,    5) (  10,    5) (  10,    5) (  10,    5) (  10,    5) (  10,    5) (  10,    5)
          (  10,    5) (  10,    5) (  10,    5) (  10,    5) (  10,    5) (  10,    5) (  10,    5) (  10,    5) (  10,    5) (  10,    5)
         
node   4 sent_total   6973  recv_total   3974

node   5  (   0,    0) (   1,    0) (   0,    0) (   8,    2) (  10,    8) (  10,   10) (  10,   10) (  10,   10) (  10,   10) (  10,   10)
          (  10,   10) (  10,   10) (  10,   10) (  10,   10) (  10,   10) (  10,   10) (  10,   10) (  10,   10) (  10,   10) (  10,   10)
          (  10,   10) (  10,   10) (  10,   10) (  10,   10) (  10,   10) (  10,   10) (  10,   10) (  10,   10) (  10,   10) (  10,   10)
          (  10,   10) (  10,   10) (  10,   10) (  10,   10) (  10,   10) (  10,   10) (  10,   10) (  10,   10) (  10,   10) (  10,   10)
          (  10,   10) (  10,   10) (  10,   10) (  10,   10) (  10,   10) (  10,   10) (  10,   10) (  10,   10) (  10,   10) (  10,   10)
          (  10,   10) (  10,   10) (  10,   10) (  10,   10) (  10,   10) (  10,   10) (  10,   10) (  10,   10) (  10,   10) (  10,   10)
          (  10,   10) (  10,   10) (  10,   10) (  10,   10) (  10,   10) (  10,   10) (  10,   10) (  10,   10) (  10,   10) (  10,   10)
          (  10,   10) (  10,   10) (  10,   10) (  10,   10) (  10,   10) (  10,   10) (  10,   10) (  10,   10) (  10,   10) (  10,   10)
          (  10,   10) (  10,   10) (  10,   10) (  10,   10) (  10,   10) (  10,   10) (  10,   10) (  10,   10) (  10,   10) (  10,   10)
          (  10,   10) (  10,   10) (  10,   10) (  10,   10) (  10,   10) (  10,   10) (  10,   10) (  10,   10) (  10,   10) (  10,   10)
          (  10,   10) (   0,    0) (   0,    0) (   0,    0) (   0,    0) (   0,    0) (   0,    0) (   0,    0) (   0,    0) (   0,    0)
          (   0,    0) (   0,    0) (   0,    0) (   0,    0) (   0,    0) (   0,    0) (   0,    0) (   0,    0) (   0,    0) (   0,    0)
          (   0,    0) (   0,    0) (   0,    0) (   0,    0) (   0,    0) (   0,    0) (   0,    0) (   0,    0) (   0,    0) (   0,    0)
          (   0,    0) (   0,    0) (   0,    0) (   0,    0) (   0,    0) (   0,    0) (   0,    0) (   0,    0) (   0,    0) (   0,    0)
          (   0,    0) (   0,    0) (   0,    0) (   0,    0) (   0,    0) (   0,    0) (   0,    0) (   0,    0) (   0,    0) (   0,    0)
          (   0,    0) (   0,    0) (   0,    0) (   0,    0) (   0,    0) (   0,    0) (   0,    0) (   0,    0) (   0,    0) (   0,    0)
          (   0,    0) (   0,    0) (   0,    0) (   0,    0) (   0,    0) (   0,    0) (   0,    0) (   0,    0) (   0,    0) (   0,    0)
          (   0,    0) (   0,    0) (   0,    0) (   0,    0) (   0,    0) (   0,    0) (   0,    0) (   0,    0) (   0,    0) (   0,    0)
          (   0,    0) (   0,    0) (   0,    0) (   0,    0) (   0,    0) (   0,    0) (   0,    0) (   0,    0) (   0,    0) (   0,    0)
          (   0,    0) (   0,    0) (   0,    0) (   0,    0) (   0,    0) (   0,    0) (   0,    0) (   0,    0) (   0,    0) (   0,    0)
          (   0,    0) (   0,    0) (   0,    0) (   0,    0) (   0,    0) (   0,    0) (   0,    0) (   0,    0) (   0,    0) (   0,    0)
          (   0,    0) (   0,    0) (   0,    0) (   0,    0) (   0,    0) (   0,    0) (   0,    0) (   0,    0) (   0,    0) (   0,    0)
          (   0,    0) (   0,    0) (   0,    0) (   0,    0) (   0,    0) (   0,    0) (   0,    0) (   0,    0) (   0,    0) (   0,    0)
          (   0,    0) (   0,    0) (   0,    0) (   0,    0) (   0,    0) (   0,    0) (   0,    0) (   0,    0) (   0,    0) (   0,    0)
          (   0,    0) (   0,    0) (   0,    0) (   0,    0) (   0,    0) (   0,    0) (   0,    0) (   0,    0) (   0,    0) (   0,    0)
          (   0,    0) (   0,    0) (   0,    0) (   0,    0) (   0,    0) (   0,    0) (   0,    0) (   0,    0) (   0,    0) (   0,    0)
          (   0,    0) (   0,    0) (   0,    0) (   0,    0) (   0,    0) (   0,    0) (   0,    0) (   0,    0) (   0,    0) (   0,    0)
          (   0,    0) (   0,    0) (   0,    0) (   0,    0) (   0,    0) (   0,    0) (   0,    0) (   0,    0) (   0,    0) (   0,    0)
          (   0,    0) (   0,    0) (   0,    0) (   0,    0) (   0,    0) (   0,    0) (   0,    0) (   0,    0) (   0,    0) (   0,    0)
          (   0,    0) (   0,    0) (   0,    0) (   0,    0) (   0,    0) (   0,    0) (   0,    0) (   0,    0) (   0,    0) (   0,    0)
          (   0,    0) (   0,    0) (   0,    0) (   0,    0) (   0,    0) (   0,    0) (   0,    0) (   0,    0) (   0,    0) (   0,    0)
          (   0,    0) (   0,    0) (   0,    0) (   0,    0) (   0,    0) (   0,    0) (   0,    0) (   0,    0) (   0,    0) (   0,    0)
          (   0,    0) (   0,    0) (   0,    0) (   0,    0) (   0,    0) (   0,    0) (   0,    0) (   0,    0) (   0,    0) (   0,    0)
          (   0,    0) (   0,    0) (   0,    0) (   0,    0) (   0,    0) (   0,    0) (   0,    0) (   0,    0) (   0,    0) (   0,    0)
          (   0,    0) (   0,    0) (   0,    0) (   0,    0) (   0,    0) (   0,    0) (   0,    0) (   0,    0) (   0,    0) (   0,    0)
          (   0,    0) (   0,    0) (   0,    0) (   0,    0) (   0,    0) (   0,    0) (   0,    0) (   0,    0) (   0,    0) (   0,    0)
          (   0,    0) (   0,    0) (   0,    0) (   0,    0) (   0,    0) (   0,    0) (   0,    0) (   0,    0) (   0,    0) (   0,    0)
          (   0,    0) (   0,    0) (   0,    0) (   0,    0) (   0,    0) (   0,    0) (   0,    0) (   0,    0) (   0,    0) (   0,    0)
          (   0,    0) (   0,    0) (   0,    0) (   0,    0) (   0,    0) (   0,    0) (   0,    0) (   0,    0) (   0,    0) (   0,    0)
          (   0,    0) (   0,    0) (   0,    0) (   0,    0) (   0,    0) (   0,    0) (   0,    0) (   0,    0) (   0,    0) (   0,    0)
          (   0,    0) (   0,    0) (   0,    0) (   0,    0) (   0,    0) (   0,    0) (   0,    0) (   0,    0) (   0,    0) (   0,    0)
          (   0,    0) (   0,    0) (   0,    0) (   0,    0) (   0,    0) (   0,    0) (   0,    0) (   0,    0) (   0,    0) (   0,    0)
          (   0,    0) (   0,    0) (   0,    0) (   0,    0) (   0,    0) (   0,    0) (   0,    0) (   0,    0) (   0,    0) (   0,    0)
          (   0,    0) (   0,    0) (   0,    0) (   0,    0) (   0,    0) (   0,    0) (   0,    0) (   0,    0) (   0,    0) (   0,    0)
          (   0,    0) (   0,    0) (   0,    0) (   0,    0) (   0,    0) (   0,    0) (   0,    0) (   0,    0) (   0,    0) (   0,    0)
          (   0,    0) (   0,    0) (   0,    0) (   0,    0) (   0,    0) (   0,    0) (   0,    0) (   0,    0) (   0,    0) (   0,    0)
          (   0,    0) (   0,    0) (   0,    0) (   0,    0) (   0,    0) (   0,    0) (   0,    0) (   0,    0) (   0,    0) (   0,    0)
          (   0,    0) (   0,    0) (   0,    0) (   0,    0) (   0,    0) (   0,    0) (   0,    0) (   0,    0) (   0,    0) (   0,    0)
          (   0,    0) (   0,    0) (   0,    0) (   0,    0) (   0,    0) (   0,    0) (   0,    0) (   0,    0) (   0,    0) (   0,    0)
          (   0,    0) (   0,    0) (   0,    0) (   0,    0) (   0,    0) (   0,    0) (   0,    0) (   0,    0) (   0,    0) (   0,    0)
          (   0,    0) (   0,    0) (   0,    0) (   0,    0) (   0,    0) (   0,    0) (   0,    0) (   0,    0) (   0,    0) (   0,    0)
          (   0,    0) (   0,    0) (   0,    0) (   0,    0) (   0,    0) (   0,    0) (   0,    0) (   0,    0) (   0,    0) (   0,    0)
          (   0,    0) (   0,    0) (   0,    0) (   0,    0) (   0,    0) (   0,    0) (   0,    0) (   0,    0) (   0,    0) (   0,    0)
          (   0,    0) (   0,    0) (   0,    0) (   0,    0) (   0,    0) (   0,    0) (   0,    0) (   0,    0) (   0,    0) (   0,    0)
          (   0,    0) (   0,    0) (   0,    0) (   0,    0) (   0,    0) (   0,    0) (   0,    0) (   0,    0) (   0,    0) (   0,    0)
          (   0,    0) (   0,    0) (   0,    0) (   0,    0) (   0,    0) (   0,    0) (   0,    0) (   0,    0) (   0,    0) (   0,    0)
          (   0,    0) (   0,    0) (   0,    0) (   0,    0) (   0,    0) (   0,    0) (   0,    0) (   0,    0) (   0,    0) (   0,    0)
          (   0,    0) (   0,    0) (   0,    0) (   0,    0) (   0,    0) (   0,    0) (   0,    0) (   0,    0) (   0,    0) (   0,    0)
          (   0,    0) (   0,    0) (   0,    0) (   0,    0) (   0,    0) (   0,    0) (   0,    0) (   0,    0) (   0,    0) (   0,    0)
          (   0,    0) (   0,    0) (   0,    0) (   0,    0) (   0,    0) (   0,    0) (   0,    0) (   0,    0) (   0,    0) (   0,    0)
          (   0,    0) (   0,    0) (   0,    0) (   0,    0) (   0,    0) (   0,    0) (   0,    0) (   0,    0) (   0,    0) (   0,    0)
          (   0,    0) (   0,    0) (   0,    0) (   0,    0) (   0,    0) (   0,    0) (   0,    0) (   0,    0) (   0,    0) (   0,    0)
          (   0,    0) (   0,    0) (   0,    0) (   0,    0) (   0,    0) (   0,    0) (   0,    0) (   0,    0) (   0,    0) (   0,    0)
          (   0,    0) (   0,    0) (   0,    0) (   0,    0) (   0,    0) (   0,    0) (   0,    0) (   0,    0) (   0,    0) (   0,    0)
          (   0,    0) (   0,    0) (   0,    0) (   0,    0) (   0,    0) (   0,    0) (   0,    0) (   0,    0) (   0,    0) (   0,    0)
          (   0,    0) (   0,    0) (   0,    0) (   0,    0) (   0,    0) (   0,    0) (   0,    0) (   0,    0) (   0,    0) (   0,    0)
          (   0,    0) (   0,    0) (   0,    0) (   0,    0) (   0,    0) (   0,    0) (   0,    0) (   0,    0) (   0,    0) (   0,    0)
          (   0,    0) (   0,    0) (   0,    0) (   0,    0) (   0,    0) (   0,    0) (   0,    0) (   0,    0) (   0,    0) (   0,    0)
          (   0,    0) (   0,    0) (   0,    0) (   0,    0) (   0,    0) (   0,    0) (   0,    0) (   0,    0) (   0,    0) (   0,    0)
          (   0,    0) (   0,    0) (   0,    0) (   0,    0) (   0,    0) (   0,    0) (   0,    0) (   0,    0) (   0,    0) (   0,    0)
         
node   5 sent_total    979  recv_total    970

node   6  (   0,    0) (   1,    0) (   0,    0) (   8,    2) (  10,    8) (  10,   10) (  10,   10) (  10,   10) (  10,   10) (  10,   10)
          (  10,   10) (  10,   10) (  10,   10) (  10,   10) (  10,   10) (  10,   10) (  10,   10) (  10,   10) (  10,   10) (  10,   10)
          (  10,   10) (  10,   10) (  10,   10) (  10,   10) (  10,   10) (  10,   10) (  10,   10) (  10,   10) (  10,   10) (  10,   10)
          (  10,   10) (  10,   10) (  10,   10) (  10,   10) (  10,   10) (  10,   10) (  10,   10) (  10,   10) (  10,   10) (  10,   10)
          (  10,   10) (  10,   10) (  10,   10) (  10,   10) (  10,   10) (  10,   10) (  10,   10) (  10,   10) (  10,   10) (  10,   10)
          (  10,   10) (  10,   10) (  10,   10) (  10,   10) (  10,   10) (  10,   10) (  10,   10) (  10,   10) (  10,   10) (  10,   10)
          (  10,   10) (  10,   10) (  10,   10) (  10,   10) (  10,   10) (  10,   10) (  10,   10) (  10,   10) (  10,   10) (  10,   10)
          (  10,   10) (  10,   10) (  10,   10) (  10,   10) (  10,   10) (  10,   10) (  10,   10) (  10,   10) (  10,   10) (  10,   10)
          (  10,   10) (  10,   10) (  10,   10) (  10,   10) (  10,   10) (  10,   10) (  10,   10) (  10,   10) (  10,   10) (  10,   10)
          (  10,   10) (  10,   10) (  10,   10) (  10,   10) (  10,   10) (  10,   10) (  10,   10) (  10,   10) (  10,   10) (  10,   10)
          (  10,   10) (   0,    0) (   0,    0) (   0,    0) (   0,    0) (   0,    0) (   0,    0) (   0,    0) (   0,    0) (   0,    0)
          (   0,    0) (   0,    0) (   0,    0) (   0,    0) (   0,    0) (   0,    0) (   0,    0) (   0,    0) (   0,    0) (   0,    0)
          (   0,    0) (   0,    0) (   0,    0) (   0,    0) (   0,    0) (   0,    0) (   0,    0) (   0,    0) (   0,    0) (   0,    0)
          (   0,    0) (   0,    0) (   0,    0) (   0,    0) (   0,    0) (   0,    0) (   0,    0) (   0,    0) (   0,    0) (   0,    0)
          (   0,    0) (   0,    0) (   0,    0) (   0,    0) (   0,    0) (   0,    0) (   0,    0) (   0,    0) (   0,    0) (   0,    0)
          (   0,    0) (   0,    0) (   0,    0) (   0,    0) (   0,    0) (   0,    0) (   0,    0) (   0,    0) (   0,    0) (   0,    0)
          (   0,    0) (   0,    0) (   0,    0) (   0,    0) (   0,    0) (   0,    0) (   0,    0) (   0,    0) (   0,    0) (   0,    0)
          (   0,    0) (   0,    0) (   0,    0) (   0,    0) (   0,    0) (   0,    0) (   0,    0) (   0,    0) (   0,    0) (   0,    0)
          (   0,    0) (   0,    0) (   0,    0) (   0,    0) (   0,    0) (   0,    0) (   0,    0) (   0,    0) (   0,    0) (   0,    0)
          (   0,    0) (   0,    0) (   0,    0) (   0,    0) (   0,    0) (   0,    0) (   0,    0) (   0,    0) (   0,    0) (   0,    0)
          (   0,    0) (   0,    0) (   0,    0) (   0,    0) (   0,    0) (   0,    0) (   0,    0) (   0,    0) (   0,    0) (   0,    0)
          (   0,    0) (   0,    0) (   0,    0) (   0,    0) (   0,    0) (   0,    0) (   0,    0) (   0,    0) (   0,    0) (   0,    0)
          (   0,    0) (   0,    0) (   0,    0) (   0,    0) (   0,    0) (   0,    0) (   0,    0) (   0,    0) (   0,    0) (   0,    0)
          (   0,    0) (   0,    0) (   0,    0) (   0,    0) (   0,    0) (   0,    0) (   0,    0) (   0,    0) (   0,    0) (   0,    0)
          (   0,    0) (   0,    0) (   0,    0) (   0,    0) (   0,    0) (   0,    0) (   0,    0) (   0,    0) (   0,    0) (   0,    0)
          (   0,    0) (   0,    0) (   0,    0) (   0,    0) (   0,    0) (   0,    0) (   0,    0) (   0,    0) (   0,    0) (   0,    0)
          (   0,    0) (   0,    0) (   0,    0) (   0,    0) (   0,    0) (   0,    0) (   0,    0) (   0,    0) (   0,    0) (   0,    0)
          (   0,    0) (   0,    0) (   0,    0) (   0,    0) (   0,    0) (   0,    0) (   0,    0) (   0,    0) (   0,    0) (   0,    0)
          (   0,    0) (   0,    0) (   0,    0) (   0,    0) (   0,    0) (   0,    0) (   0,    0) (   0,    0) (   0,    0) (   0,    0)
          (   0,    0) (   0,    0) (   0,    0) (   0,    0) (   0,    0) (   0,    0) (   0,    0) (   0,    0) (   0,    0) (   0,    0)
          (   0,    0) (   0,    0) (   0,    0) (   0,    0) (   0,    0) (   0,    0) (   0,    0) (   0,    0) (   0,    0) (   0,    0)
          (   0,    0) (   0,    0) (   0,    0) (   0,    0) (   0,    0) (   0,    0) (   0,    0) (   0,    0) (   0,    0) (   0,    0)
          (   0,    0) (   0,    0) (   0,    0) (   0,    0) (   0,    0) (   0,    0) (   0,    0) (   0,    0) (   0,    0) (   0,    0)
          (   0,    0) (   0,    0) (   0,    0) (   0,    0) (   0,    0) (   0,    0) (   0,    0) (   0,    0) (   0,    0) (   0,    0)
          (   0,    0) (   0,    0) (   0,    0) (   0,    0) (   0,    0) (   0,    0) (   0,    0) (   0,    0) (   0,    0) (   0,    0)
          (   0,    0) (   0,    0) (   0,    0) (   0,    0) (   0,    0) (   0,    0) (   0,    0) (   0,    0) (   0,    0) (   0,    0)
          (   0,    0) (   0,    0) (   0,    0) (   0,    0) (   0,    0) (   0,    0) (   0,    0) (   0,    0) (   0,    0) (   0,    0)
          (   0,    0) (   0,    0) (   0,    0) (   0,    0) (   0,    0) (   0,    0) (   0,    0) (   0,    0) (   0,    0) (   0,    0)
          (   0,    0) (   0,    0) (   0,    0) (   0,    0) (   0,    0) (   0,    0) (   0,    0) (   0,    0) (   0,    0) (   0,    0)
          (   0,    0) (   0,    0) (   0,    0) (   0,    0) (   0,    0) (   0,    0) (   0,    0) (   0,    0) (   0,    0) (   0,    0)
          (   0,    0) (   0,    0) (   0,    0) (   0,    0) (   0,    0) (   0,    0) (   0,    0) (   0,    0) (   0,    0) (   0,    0)
          (   0,    0) (   0,    0) (   0,    0) (   0,    0) (   0,    0) (   0,    0) (   0,    0) (   0,    0) (   0,    0) (   0,    0)
          (   0,    0) (   0,    0) (   0,    0) (   0,    0) (   0,    0) (   0,    0) (   0,    0) (   0,    0) (   0,    0) (   0,    0)
          (   0,    0) (   0,    0) (   0,    0) (   0,    0) (   0,    0) (   0,    0) (   0,    0) (   0,    0) (   0,    0) (   0,    0)
          (   0,    0) (   0,    0) (   0,    0) (   0,    0) (   0,    0) (   0,    0) (   0,    0) (   0,    0) (   0,    0) (   0,    0)
          (   0,    0) (   0,    0) (   0,    0) (   0,    0) (   0,    0) (   0,    0) (   0,    0) (   0,    0) (   0,    0) (   0,    0)
          (   0,    0) (   0,    0) (   0,    0) (   0,    0) (   0,    0) (   0,    0) (   0,    0) (   0,    0) (   0,    0) (   0,    0)
          (   0,    0) (   0,    0) (   0,    0) (   0,    0) (   0,    0) (   0,    0) (   0,    0) (   0,    0) (   0,    0) (   0,    0)
          (   0,    0) (   0,    0) (   0,    0) (   0,    0) (   0,    0) (   0,    0) (   0,    0) (   0,    0) (   0,    0) (   0,    0)
          (   0,    0) (   0,    0) (   0,    0) (   0,    0) (   0,    0) (   0,    0) (   0,    0) (   0,    0) (   0,    0) (   0,    0)
          (   0,    0) (   0,    0) (   0,    0) (   0,    0) (   0,    0) (   0,    0) (   0,    0) (   0,    0) (   0,    0) (   0,    0)
          (   0,    0) (   0,    0) (   0,    0) (   0,    0) (   0,    0) (   0,    0) (   0,    0) (   0,    0) (   0,    0) (   0,    0)
          (   0,    0) (   0,    0) (   0,    0) (   0,    0) (   0,    0) (   0,    0) (   0,    0) (   0,    0) (   0,    0) (   0,    0)
          (   0,    0) (   0,    0) (   0,    0) (   0,    0) (   0,    0) (   0,    0) (   0,    0) (   0,    0) (   0,    0) (   0,    0)
          (   0,    0) (   0,    0) (   0,    0) (   0,    0) (   0,    0) (   0,    0) (   0,    0) (   0,    0) (   0,    0) (   0,    0)
          (   0,    0) (   0,    0) (   0,    0) (   0,    0) (   0,    0) (   0,    0) (   0,    0) (   0,    0) (   0,    0) (   0,    0)
          (   0,    0) (   0,    0) (   0,    0) (   0,    0) (   0,    0) (   0,    0) (   0,    0) (   0,    0) (   0,    0) (   0,    0)
          (   0,    0) (   0,    0) (   0,    0) (   0,    0) (   0,    0) (   0,    0) (   0,    0) (   0,    0) (   0,    0) (   0,    0)
          (   0,    0) (   0,    0) (   0,    0) (   0,    0) (   0,    0) (   0,    0) (   0,    0) (   0,    0) (   0,    0) (   0,    0)
          (   0,    0) (   0,    0) (   0,    0) (   0,    0) (   0,    0) (   0,    0) (   0,    0) (   0,    0) (   0,    0) (   0,    0)
          (   0,    0) (   0,    0) (   0,    0) (   0,    0) (   0,    0) (   0,    0) (   0,    0) (   0,    0) (   0,    0) (   0,    0)
          (   0,    0) (   0,    0) (   0,    0) (   0,    0) (   0,    0) (   0,    0) (   0,    0) (   0,    0) (   0,    0) (   0,    0)
          (   0,    0) (   0,    0) (   0,    0) (   0,    0) (   0,    0) (   0,    0) (   0,    0) (   0,    0) (   0,    0) (   0,    0)
          (   0,    0) (   0,    0) (   0,    0) (   0,    0) (   0,    0) (   0,    0) (   0,    0) (   0,    0) (   0,    0) (   0,    0)
          (   0,    0) (   0,    0) (   0,    0) (   0,    0) (   0,    0) (   0,    0) (   0,    0) (   0,    0) (   0,    0) (   0,    0)
          (   0,    0) (   0,    0) (   0,    0) (   0,    0) (   0,    0) (   0,    0) (   0,    0) (   0,    0) (   0,    0) (   0,    0)
          (   0,    0) (   0,    0) (   0,    0) (   0,    0) (   0,    0) (   0,    0) (   0,    0) (   0,    0) (   0,    0) (   0,    0)
          (   0,    0) (   0,    0) (   0,    0) (   0,    0) (   0,    0) (   0,    0) (   0,    0) (   0,    0) (   0,    0) (   0,    0)
          (   0,    0) (   0,    0) (   0,    0) (   0,    0) (   0,    0) (   0,    0) (   0,    0) (   0,    0) (   0,    0) (   0,    0)
          (   0,    0) (   0,    0) (   0,    0) (   0,    0) (   0,    0) (   0,    0) (   0,    0) (   0,    0) (   0,    0) (   0,    0)
         
node   6 sent_total    979  recv_total    970

node   7  (   0,    0) (   1,    0) (   0,    0) (   8,    2) (  10,    8) (  10,   10) (  10,   10) (  10,   10) (  10,   10) (  10,   10)
          (  10,   10) (  10,   10) (  10,   10) (  10,   10) (  10,   10) (  10,   10) (  10,   10) (  10,   10) (  10,   10) (  10,   10)
          (  10,   10) (  10,   10) (  10,   10) (  10,   10) (  10,   10) (  10,   10) (  10,   10) (  10,   10) (  10,   10) (  10,   10)
          (  10,   10) (  10,   10) (  10,   10) (  10,   10) (  10,   10) (  10,   10) (  10,   10) (  10,   10) (  10,   10) (  10,   10)
          (  10,   10) (  10,   10) (  10,   10) (  10,   10) (  10,   10) (  10,   10) (  10,   10) (  10,   10) (  10,   10) (  10,   10)
          (  10,   10) (  10,   10) (  10,   10) (  10,   10) (  10,   10) (  10,   10) (  10,   10) (  10,   10) (  10,   10) (  10,   10)
          (  10,   10) (  10,   10) (  10,   10) (  10,   10) (  10,   10) (  10,   10) (  10,   10) (  10,   10) (  10,   10) (  10,   10)
          (  10,   10) (  10,   10) (  10,   10) (  10,   10) (  10,   10) (  10,   10) (  10,   10) (  10,   10) (  10,   10) (  10,   10)
          (  10,   10) (  10,   10) (  10,   10) (  10,   10) (  10,   10) (  10,   10) (  10,   10) (  10,   10) (  10,   10) (  10,   10)
          (  10,   10) (  10,   10) (  10,   10) (  10,   10) (  10,   10) (  10,   10) (  10,   10) (  10,   10) (  10,   10) (  10,   10)
          (  10,   10) (   0,    0) (   0,    0) (   0,    0) (   0,    0) (   0,    0) (   0,    0) (   0,    0) (   0,    0) (   0,    0)
          (   0,    0) (   0,    0) (   0,    0) (   0,    0) (   0,    0) (   0,    0) (   0,    0) (   0,    0) (   0,    0) (   0,    0)
          (   0,    0) (   0,    0) (   0,    0) (   0,    0) (   0,    0) (   0,    0) (   0,    0) (   0,    0) (   0,    0) (   0,    0)
          (   0,    0) (   0,    0) (   0,    0) (   0,    0) (   0,    0) (   0,    0) (   0,    0) (   0,    0) (   0,    0) (   0,    0)
          (   0,    0) (   0,    0) (   0,    0) (   0,    0) (   0,    0) (   0,    0) (   0,    0) (   0,    0) (   0,    0) (   0,    0)
          (   0,    0) (   0,    0) (   0,    0) (   0,    0) (   0,    0) (   0,    0) (   0,    0) (   0,    0) (   0,    0) (   0,    0)
          (   0,    0) (   0,    0) (   0,    0) (   0,    0) (   0,    0) (   0,    0) (   0,    0) (   0,    0) (   0,    0) (   0,    0)
          (   0,    0) (   0,    0) (   0,    0) (   0,    0) (   0,    0) (   0,    0) (   0,    0) (   0,    0) (   0,    0) (   0,    0)
          (   0,    0) (   0,    0) (   0,    0) (   0,    0) (   0,    0) (   0,    0) (   0,    0) (   0,    0) (   0,    0) (   0,    0)
          (   0,    0) (   0,    0) (   0,    0) (   0,    0) (   0,    0) (   0,    0) (   0,    0) (   0,    0) (   0,    0) (   0,    0)
          (   0,    0) (   0,    0) (   0,    0) (   0,    0) (   0,    0) (   0,    0) (   0,    0) (   0,    0) (   0,    0) (   0,    0)
          (   0,    0) (   0,    0) (   0,    0) (   0,    0) (   0,    0) (   0,    0) (   0,    0) (   0,    0) (   0,    0) (   0,    0)
          (   0,    0) (   0,    0) (   0,    0) (   0,    0) (   0,    0) (   0,    0) (   0,    0) (   0,    0) (   0,    0) (   0,    0)
          (   0,    0) (   0,    0) (   0,    0) (   0,    0) (   0,    0) (   0,    0) (   0,    0) (   0,    0) (   0,    0) (   0,    0)
          (   0,    0) (   0,    0) (   0,    0) (   0,    0) (   0,    0) (   0,    0) (   0,    0) (   0,    0) (   0,    0) (   0,    0)
          (   0,    0) (   0,    0) (   0,    0) (   0,    0) (   0,    0) (   0,    0) (   0,    0) (   0,    0) (   0,    0) (   0,    0)
          (   0,    0) (   0,    0) (   0,    0) (   0,    0) (   0,    0) (   0,    0) (   0,    0) (   0,    0) (   0,    0) (   0,    0)
          (   0,    0) (   0,    0) (   0,    0) (   0,    0) (   0,    0) (   0,    0) (   0,    0) (   0,    0) (   0,    0) (   0,    0)
          (   0,    0) (   0,    0) (   0,    0) (   0,    0) (   0,    0) (   0,    0) (   0,    0) (   0,    0) (   0,    0) (   0,    0)
          (   0,    0) (   0,    0) (   0,    0) (   0,    0) (   0,    0) (   0,    0) (   0,    0) (   0,    0) (   0,    0) (   0,    0)
          (   0,    0) (   0,    0) (   0,    0) (   0,    0) (   0,    0) (   0,    0) (   0,    0) (   0,    0) (   0,    0) (   0,    0)
          (   0,    0) (   0,    0) (   0,    0) (   0,    0) (   0,    0) (   0,    0) (   0,    0) (   0,    0) (   0,    0) (   0,    0)
          (   0,    0) (   0,    0) (   0,    0) (   0,    0) (   0,    0) (   0,    0) (   0,    0) (   0,    0) (   0,    0) (   0,    0)
          (   0,    0) (   0,    0) (   0,    0) (   0,    0) (   0,    0) (   0,    0) (   0,    0) (   0,    0) (   0,    0) (   0,    0)
          (   0,    0) (   0,    0) (   0,    0) (   0,    0) (   0,    0) (   0,    0) (   0,    0) (   0,    0) (   0,    0) (   0,    0)
          (   0,    0) (   0,    0) (   0,    0) (   0,    0) (   0,    0) (   0,    0) (   0,    0) (   0,    0) (   0,    0) (   0,    0)
          (   0,    0) (   0,    0) (   0,    0) (   0,    0) (   0,    0) (   0,    0) (   0,    0) (   0,    0) (   0,    0) (   0,    0)
          (   0,    0) (   0,    0) (   0,    0) (   0,    0) (   0,    0) (   0,    0) (   0,    0) (   0,    0) (   0,    0) (   0,    0)
          (   0,    0) (   0,    0) (   0,    0) (   0,    0) (   0,    0) (   0,    0) (   0,    0) (   0,    0) (   0,    0) (   0,    0)
          (   0,    0) (   0,    0) (   0,    0) (   0,    0) (   0,    0) (   0,    0) (   0,    0) (   0,    0) (   0,    0) (   0,    0)
          (   0,    0) (   0,    0) (   0,    0) (   0,    0) (   0,    0) (   0,    0) (   0,    0) (   0,    0) (   0,    0) (   0,    0)
          (   0,    0) (   0,    0) (   0,    0) (   0,    0) (   0,    0) (   0,    0) (   0,    0) (   0,    0) (   0,    0) (   0,    0)
          (   0,    0) (   0,    0) (   0,    0) (   0,    0) (   0,    0) (   0,    0) (   0,    0) (   0,    0) (   0,    0) (   0,    0)
          (   0,    0) (   0,    0) (   0,    0) (   0,    0) (   0,    0) (   0,    0) (   0,    0) (   0,    0) (   0,    0) (   0,    0)
          (   0,    0) (   0,    0) (   0,    0) (   0,    0) (   0,    0) (   0,    0) (   0,    0) (   0,    0) (   0,    0) (   0,    0)
          (   0,    0) (   0,    0) (   0,    0) (   0,    0) (   0,    0) (   0,    0) (   0,    0) (   0,    0) (   0,    0) (   0,    0)
          (   0,    0) (   0,    0) (   0,    0) (   0,    0) (   0,    0) (   0,    0) (   0,    0) (   0,    0) (   0,    0) (   0,    0)
          (   0,    0) (   0,    0) (   0,    0) (   0,    0) (   0,    0) (   0,    0) (   0,    0) (   0,    0) (   0,    0) (   0,    0)
          (   0,    0) (   0,    0) (   0,    0) (   0,    0) (   0,    0) (   0,    0) (   0,    0) (   0,    0) (   0,    0) (   0,    0)
          (   0,    0) (   0,    0) (   0,    0) (   0,    0) (   0,    0) (   0,    0) (   0,    0) (   0,    0) (   0,    0) (   0,    0)
          (   0,    0) (   0,    0) (   0,    0) (   0,    0) (   0,    0) (   0,    0) (   0,    0) (   0,    0) (   0,    0) (   0,    0)
          (   0,    0) (   0,    0) (   0,    0) (   0,    0) (   0,    0) (   0,    0) (   0,    0) (   0,    0) (   0,    0) (   0,    0)
          (   0,    0) (   0,    0) (   0,    0) (   0,    0) (   0,    0) (   0,    0) (   0,    0) (   0,    0) (   0,    0) (   0,    0)
          (   0,    0) (   0,    0) (   0,    0) (   0,    0) (   0,    0) (   0,    0) (   0,    0) (   0,    0) (   0,    0) (   0,    0)
          (   0,    0) (   0,    0) (   0,    0) (   0,    0) (   0,    0) (   0,    0) (   0,    0) (   0,    0) (   0,    0) (   0,    0)
          (   0,    0) (   0,    0) (   0,    0) (   0,    0) (   0,    0) (   0,    0) (   0,    0) (   0,    0) (   0,    0) (   0,    0)
          (   0,    0) (   0,    0) (   0,    0) (   0,    0) (   0,    0) (   0,    0) (   0,    0) (   0,    0) (   0,    0) (   0,    0)
          (   0,    0) (   0,    0) (   0,    0) (   0,    0) (   0,    0) (   0,    0) (   0,    0) (   0,    0) (   0,    0) (   0,    0)
          (   0,    0) (   0,    0) (   0,    0) (   0,    0) (   0,    0) (   0,    0) (   0,    0) (   0,    0) (   0,    0) (   0,    0)
          (   0,    0) (   0,    0) (   0,    0) (   0,    0) (   0,    0) (   0,    0) (   0,    0) (   0,    0) (   0,    0) (   0,    0)
          (   0,    0) (   0,    0) (   0,    0) (   0,    0) (   0,    0) (   0,    0) (   0,    0) (   0,    0) (   0,    0) (   0,    0)
          (   0,    0) (   0,    0) (   0,    0) (   0,    0) (   0,    0) (   0,    0) (   0,    0) (   0,    0) (   0,    0) (   0,    0)
          (   0,    0) (   0,    0) (   0,    0) (   0,    0) (   0,    0) (   0,    0) (   0,    0) (   0,    0) (   0,    0) (   0,    0)
          (   0,    0) (   0,    0) (   0,    0) (   0,    0) (   0,    0) (   0,    0) (   0,    0) (   0,    0) (   0,    0) (   0,    0)
          (   0,    0) (   0,    0) (   0,    0) (   0,    0) (   0,    0) (   0,    0) (   0,    0) (   0,    0) (   0,    0) (   0,    0)
          (   0,    0) (   0,    0) (   0,    0) (   0,    0) (   0,    0) (   0,    0) (   0,    0) (   0,    0) (   0,    0) (   0,    0)
          (   0,    0) (   0,    0) (   0,    0) (   0,    0) (   0,    0) (   0,    0) (   0,    0) (   0,    0) (   0,    0) (   0,    0)
          (   0,    0) (   0,    0) (   0,    0) (   0,    0) (   0,    0) (   0,    0) (   0,    0) (   0,    0) (   0,    0) (   0,    0)
          (   0,    0) (   0,    0) (   0,    0) (   0,    0) (   0,    0) (   0,    0) (   0,    0) (   0,    0) (   0,    0) (   0,    0)
          (   0,    0) (   0,    0) (   0,    0) (   0,    0) (   0,    0) (   0,    0) (   0,    0) (   0,    0) (   0,    0) (   0,    0)
         
node   7 sent_total    979  recv_total    970

node   8  (   0,    0) (   1,    0) (   0,    0) (   8,    2) (  10,    8) (  10,   10) (  10,   10) (  10,   10) (  10,   10) (  10,   10)
          (  10,   10) (  10,   10) (  10,   10) (  10,   10) (  10,   10) (  10,   10) (  10,   10) (  10,   10) (  10,   10) (  10,   10)
          (  10,   10) (  10,   10) (  10,   10) (  10,   10) (  10,   10) (  10,   10) (  10,   10) (  10,   10) (  10,   10) (  10,   10)
          (  10,   10) (  10,   10) (  10,   10) (  10,   10) (  10,   10) (  10,   10) (  10,   10) (  10,   10) (  10,   10) (  10,   10)
          (  10,   10) (  10,   10) (  10,   10) (  10,   10) (  10,   10) (  10,   10) (  10,   10) (  10,   10) (  10,   10) (  10,   10)
          (  10,   10) (  10,   10) (  10,   10) (  10,   10) (  10,   10) (  10,   10) (  10,   10) (  10,   10) (  10,   10) (  10,   10)
          (  10,   10) (  10,   10) (  10,   10) (  10,   10) (  10,   10) (  10,   10) (  10,   10) (  10,   10) (  10,   10) (  10,   10)
          (  10,   10) (  10,   10) (  10,   10) (  10,   10) (  10,   10) (  10,   10) (  10,   10) (  10,   10) (  10,   10) (  10,   10)
          (  10,   10) (  10,   10) (  10,   10) (  10,   10) (  10,   10) (  10,   10) (  10,   10) (  10,   10) (  10,   10) (  10,   10)
          (  10,   10) (  10,   10) (  10,   10) (  10,   10) (  10,   10) (  10,   10) (  10,   10) (  10,   10) (  10,   10) (  10,   10)
          (  10,   10) (   0,    0) (   0,    0) (   0,    0) (   0,    0) (   0,    0) (   0,    0) (   0,    0) (   0,    0) (   0,    0)
          (   0,    0) (   0,    0) (   0,    0) (   0,    0) (   0,    0) (   0,    0) (   0,    0) (   0,    0) (   0,    0) (   0,    0)
          (   0,    0) (   0,    0) (   0,    0) (   0,    0) (   0,    0) (   0,    0) (   0,    0) (   0,    0) (   0,    0) (   0,    0)
          (   0,    0) (   0,    0) (   0,    0) (   0,    0) (   0,    0) (   0,    0) (   0,    0) (   0,    0) (   0,    0) (   0,    0)
          (   0,    0) (   0,    0) (   0,    0) (   0,    0) (   0,    0) (   0,    0) (   0,    0) (   0,    0) (   0,    0) (   0,    0)
          (   0,    0) (   0,    0) (   0,    0) (   0,    0) (   0,    0) (   0,    0) (   0,    0) (   0,    0) (   0,    0) (   0,    0)
          (   0,    0) (   0,    0) (   0,    0) (   0,    0) (   0,    0) (   0,    0) (   0,    0) (   0,    0) (   0,    0) (   0,    0)
          (   0,    0) (   0,    0) (   0,    0) (   0,    0) (   0,    0) (   0,    0) (   0,    0) (   0,    0) (   0,    0) (   0,    0)
          (   0,    0) (   0,    0) (   0,    0) (   0,    0) (   0,    0) (   0,    0) (   0,    0) (   0,    0) (   0,    0) (   0,    0)
          (   0,    0) (   0,    0) (   0,    0) (   0,    0) (   0,    0) (   0,    0) (   0,    0) (   0,    0) (   0,    0) (   0,    0)
          (   0,    0) (   0,    0) (   0,    0) (   0,    0) (   0,    0) (   0,    0) (   0,    0) (   0,    0) (   0,    0) (   0,    0)
          (   0,    0) (   0,    0) (   0,    0) (   0,    0) (   0,    0) (   0,    0) (   0,    0) (   0,    0) (   0,    0) (   0,    0)
          (   0,    0) (   0,    0) (   0,    0) (   0,    0) (   0,    0) (   0,    0) (   0,    0) (   0,    0) (   0,    0) (   0,    0)
          (   0,    0) (   0,    0) (   0,    0) (   0,    0) (   0,    0) (   0,    0) (   0,    0) (   0,    0) (   0,    0) (   0,    0)
          (   0,    0) (   0,    0) (   0,    0) (   0,    0) (   0,    0) (   0,    0) (   0,    0) (   0,    0) (   0,    0) (   0,    0)
          (   0,    0) (   0,    0) (   0,    0) (   0,    0) (   0,    0) (   0,    0) (   0,    0) (   0,    0) (   0,    0) (   0,    0)
          (   0,    0) (   0,    0) (   0,    0) (   0,    0) (   0,    0) (   0,    0) (   0,    0) (   0,    0) (   0,    0) (   0,    0)
          (   0,    0) (   0,    0) (   0,    0) (   0,    0) (   0,    0) (   0,    0) (   0,    0) (   0,    0) (   0,    0) (   0,    0)
          (   0,    0) (   0,    0) (   0,    0) (   0,    0) (   0,    0) (   0,    0) (   0,    0) (   0,    0) (   0,    0) (   0,    0)
          (   0,    0) (   0,    0) (   0,    0) (   0,    0) (   0,    0) (   0,    0) (   0,    0) (   0,    0) (   0,    0) (   0,    0)
          (   0,    0) (   0,    0) (   0,    0) (   0,    0) (   0,    0) (   0,    0) (   0,    0) (   0,    0) (   0,    0) (   0,    0)
          (   0,    0) (   0,    0) (   0,    0) (   0,    0) (   0,    0) (   0,    0) (   0,    0) (   0,    0) (   0,    0) (   0,    0)
          (   0,    0) (   0,    0) (   0,    0) (   0,    0) (   0,    0) (   0,    0) (   0,    0) (   0,    0) (   0,    0) (   0,    0)
          (   0,    0) (   0,    0) (   0,    0) (   0,    0) (   0,    0) (   0,    0) (   0,    0) (   0,    0) (   0,    0) (   0,    0)
          (   0,    0) (   0,    0) (   0,    0) (   0,    0) (   0,    0) (   0,    0) (   0,    0) (   0,    0) (   0,    0) (   0,    0)
          (   0,    0) (   0,    0) (   0,    0) (   0,    0) (   0,    0) (   0,    0) (   0,    0) (   0,    0) (   0,    0) (   0,    0)
          (   0,    0) (   0,    0) (   0,    0) (   0,    0) (   0,    0) (   0,    0) (   0,    0) (   0,    0) (   0,    0) (   0,    0)
          (   0,    0) (   0,    0) (   0,    0) (   0,    0) (   0,    0) (   0,    0) (   0,    0) (   0,    0) (   0,    0) (   0,    0)
          (   0,    0) (   0,    0) (   0,    0) (   0,    0) (   0,    0) (   0,    0) (   0,    0) (   0,    0) (   0,    0) (   0,    0)
          (   0,    0) (   0,    0) (   0,    0) (   0,    0) (   0,    0) (   0,    0) (   0,    0) (   0,    0) (   0,    0) (   0,    0)
          (   0,    0) (   0,    0) (   0,    0) (   0,    0) (   0,    0) (   0,    0) (   0,    0) (   0,    0) (   0,    0) (   0,    0)
          (   0,    0) (   0,    0) (   0,    0) (   0,    0) (   0,    0) (   0,    0) (   0,    0) (   0,    0) (   0,    0) (   0,    0)
          (   0,    0) (   0,    0) (   0,    0) (   0,    0) (   0,    0) (   0,    0) (   0,    0) (   0,    0) (   0,    0) (   0,    0)
          (   0,    0) (   0,    0) (   0,    0) (   0,    0) (   0,    0) (   0,    0) (   0,    0) (   0,    0) (   0,    0) (   0,    0)
          (   0,    0) (   0,    0) (   0,    0) (   0,    0) (   0,    0) (   0,    0) (   0,    0) (   0,    0) (   0,    0) (   0,    0)
          (   0,    0) (   0,    0) (   0,    0) (   0,    0) (   0,    0) (   0,    0) (   0,    0) (   0,    0) (   0,    0) (   0,    0)
          (   0,    0) (   0,    0) (   0,    0) (   0,    0) (   0,    0) (   0,    0) (   0,    0) (   0,    0) (   0,    0) (   0,    0)
          (   0,    0) (   0,    0) (   0,    0) (   0,    0) (   0,    0) (   0,    0) (   0,    0) (   0,    0) (   0,    0) (   0,    0)
          (   0,    0) (   0,    0) (   0,    0) (   0,    0) (   0,    0) (   0,    0) (   0,    0) (   0,    0) (   0,    0) (   0,    0)
          (   0,    0) (   0,    0) (   0,    0) (   0,    0) (   0,    0) (   0,    0) (   0,    0) (   0,    0) (   0,    0) (   0,    0)
          (   0,    0) (   0,    0) (   0,    0) (   0,    0) (   0,    0) (   0,    0) (   0,    0) (   0,    0) (   0,    0) (   0,    0)
          (   0,    0) (   0,    0) (   0,    0) (   0,    0) (   0,    0) (   0,    0) (   0,    0) (   0,    0) (   0,    0) (   0,    0)
          (   0,    0) (   0,    0) (   0,    0) (   0,    0) (   0,    0) (   0,    0) (   0,    0) (   0,    0) (   0,    0) (   0,    0)
          (   0,    0) (   0,    0) (   0,    0) (   0,    0) (   0,    0) (   0,    0) (   0,    0) (   0,    0) (   0,    0) (   0,    0)
          (   0,    0) (   0,    0) (   0,    0) (   0,    0) (   0,    0) (   0,    0) (   0,    0) (   0,    0) (   0,    0) (   0,    0)
          (   0,    0) (   0,    0) (   0,    0) (   0,    0) (   0,    0) (   0,    0) (   0,    0) (   0,    0) (   0,    0) (   0,    0)
          (   0,    0) (   0,    0) (   0,    0) (   0,    0) (   0,    0) (   0,    0) (   0,    0) (   0,    0) (   0,    0) (   0,    0)
          (   0,    0) (   0,    0) (   0,    0) (   0,    0) (   0,    0) (   0,    0) (   0,    0) (   0,    0) (   0,    0) (   0,    0)
          (   0,    0) (   0,    0) (   0,    0) (   0,    0) (   0,    0) (   0,    0) (   0,    0) (   0,    0) (   0,    0) (   0,    0)
          (   0,    0) (   0,    0) (   0,    0) (   0,    0) (   0,    0) (   0,    0) (   0,    0) (   0,    0) (   0,    0) (   0,    0)
          (   0,    0) (   0,    0) (   0,    0) (   0,    0) (   0,    0) (   0,    0) (   0,    0) (   0,    0) (   0,    0) (   0,    0)
          (   0,    0) (   0,    0) (   0,    0) (   0,    0) (   0,    0) (   0,    0) (   0,    0) (   0,    0) (   0,    0) (   0,    0)
          (   0,    0) (   0,    0) (   0,    0) (   0,    0) (   0,    0) (   0,    0) (   0,    0) (   0,    0) (   0,    0) (   0,    0)
          (   0,    0) (   0,    0) (   0,    0) (   0,    0) (   0,    0) (   0,    0) (   0,    0) (   0,    0) (   0,    0) (   0,    0)
          (   0,    0) (   0,    0) (   0,    0) (   0,    0) (   0,    0) (   0,    0) (   0,    0) (   0,    0) (   0,    0) (   0,    0)
          (   0,    0) (   0,    0) (   0,    0) (   0,    0) (   0,    0) (   0,    0) (   0,    0) (   0,    0) (   0,    0) (   0,    0)
          (   0,    0) (   0,    0) (   0,    0) (   0,    0) (   0,    0) (   0,    0) (   0,    0) (   0,    0) (   0,    0) (   0,    0)
          (   0,    0) (   0,    0) (   0,    0) (   0,    0) (   0,    0) (   0,    0) (   0,    0) (   0,    0) (   0,    0) (   0,    0)
          (   0,    0) (   0,    0) (   0,    0) (   0,    0) (   0,    0) (   0,    0) (   0,    0) (   0,    0) (   0,    0) (   0,    0)
          (   0,    0) (   0,    0) (   0,    0) (   0,    0) (   0,    0) (   0,    0) (   0,    0) (   0,    0) (   0,    0) (   0,    0)
         
node   8 sent_total    979  recv_total    970

node   9  (   0,    0) (   0,    0) (   1,    0) (   0,    0) (  10,    2) (  10,   10) (  10,   10) (  10,   10) (  10,   10) (  10,   10)
          (  10,   10) (  10,   10) (  10,   10) (  10,   10) (  10,   10) (  10,   10) (  10,   10) (  10,   10) (  10,   10) (  10,   10)
          (  10,   10) (  10,   10) (  10,   10) (  10,   10) (  10,   10) (  10,   10) (  10,   10) (  10,   10) (  10,   10) (  10,   10)
          (  10,   10) (  10,   10) (  10,   10) (  10,   10) (  10,   10) (  10,   10) (  10,   10) (  10,   10) (  10,   10) (  10,   10)
          (  10,   10) (  10,   10) (  10,   10) (  10,   10) (  10,   10) (  10,   10) (  10,   10) (  10,   10) (  10,   10) (  10,   10)
          (  10,   10) (  10,   10) (  10,   10) (  10,   10) (  10,   10) (  10,   10) (  10,   10) (  10,   10) (  10,   10) (  10,   10)
          (  10,   10) (  10,   10) (  10,   10) (  10,   10) (  10,   10) (  10,   10) (  10,   10) (  10,   10) (  10,   10) (  10,   10)
          (  10,   10) (  10,   10) (  10,   10) (  10,   10) (  10,   10) (  10,   10) (  10,   10) (  10,   10) (  10,   10) (  10,   10)
          (  10,   10) (  10,   10) (  10,   10) (  10,   10) (  10,   10) (  10,   10) (  10,   10) (  10,   10) (  10,   10) (  10,   10)
          (  10,   10) (  10,   10) (  10,   10) (  10,   10) (  10,   10) (  10,   10) (  10,   10) (  10,   10) (  10,   10) (  10,   10)
          (  10,   10) (   0,    0) (   0,    0) (   0,    0) (   0,    0) (   0,    0) (   0,    0) (   0,    0) (   0,    0) (   0,    0)
          (   0,    0) (   0,    0) (   0,    0) (   0,    0) (   0,    0) (   0,    0) (   0,    0) (   0,    0) (   0,    0) (   0,    0)
          (   0,    0) (   0,    0) (   0,    0) (   0,    0) (   0,    0) (   0,    0) (   0,    0) (   0,    0) (   0,    0) (   0,    0)
          (   0,    0) (   0,    0) (   0,    0) (   0,    0) (   0,    0) (   0,    0) (   0,    0) (   0,    0) (   0,    0) (   0,    0)
          (   0,    0) (   0,    0) (   0,    0) (   0,    0) (   0,    0) (   0,    0) (   0,    0) (   0,    0) (   0,    0) (   0,    0)
          (   0,    0) (   0,    0) (   0,    0) (   0,    0) (   0,    0) (   0,    0) (   0,    0) (   0,    0) (   0,    0) (   0,    0)
          (   0,    0) (   0,    0) (   0,    0) (   0,    0) (   0,    0) (   0,    0) (   0,    0) (   0,    0) (   0,    0) (   0,    0)
          (   0,    0) (   0,    0) (   0,    0) (   0,    0) (   0,    0) (   0,    0) (   0,    0) (   0,    0) (   0,    0) (   0,    0)
          (   0,    0) (   0,    0) (   0,    0) (   0,    0) (   0,    0) (   0,    0) (   0,    0) (   0,    0) (   0,    0) (   0,    0)
          (   0,    0) (   0,    0) (   0,    0) (   0,    0) (   0,    0) (   0,    0) (   0,    0) (   0,    0) (   0,    0) (   0,    0)
          (   0,    0) (   0,    0) (   0,    0) (   0,    0) (   0,    0) (   0,    0) (   0,    0) (   0,    0) (   0,    0) (   0,    0)
          (   0,    0) (   0,    0) (   0,    0) (   0,    0) (   0,    0) (   0,    0) (   0,    0) (   0,    0) (   0,    0) (   0,    0)
          (   0,    0) (   0,    0) (   0,    0) (   0,    0) (   0,    0) (   0,    0) (   0,    0) (   0,    0) (   0,    0) (   0,    0)
          (   0,    0) (   0,    0) (   0,    0) (   0,    0) (   0,    0) (   0,    0) (   0,    0) (   0,    0) (   0,    0) (   0,    0)
          (   0,    0) (   0,    0) (   0,    0) (   0,    0) (   0,    0) (   0,    0) (   0,    0) (   0,    0) (   0,    0) (   0,    0)
          (   0,    0) (   0,    0) (   0,    0) (   0,    0) (   0,    0) (   0,    0) (   0,    0) (   0,    0) (   0,    0) (   0,    0)
          (   0,    0) (   0,    0) (   0,    0) (   0,    0) (   0,    0) (   0,    0) (   0,    0) (   0,    0) (   0,    0) (   0,    0)
          (   0,    0) (   0,    0) (   0,    0) (   0,    0) (   0,    0) (   0,    0) (   0,    0) (   0,    0) (   0,    0) (   0,    0)
          (   0,    0) (   0,    0) (   0,    0) (   0,    0) (   0,    0) (   0,    0) (   0,    0) (   0,    0) (   0,    0) (   0,    0)
          (   0,    0) (   0,    0) (   0,    0) (   0,    0) (   0,    0) (   0,    0) (   0,    0) (   0,    0) (   0,    0) (   0,    0)
          (   0,    0) (   0,    0) (   0,    0) (   0,    0) (   0,    0) (   0,    0) (   0,    0) (   0,    0) (   0,    0) (   0,    0)
          (   0,    0) (   0,    0) (   0,    0) (   0,    0) (   0,    0) (   0,    0) (   0,    0) (   0,    0) (   0,    0) (   0,    0)
          (   0,    0) (   0,    0) (   0,    0) (   0,    0) (   0,    0) (   0,    0) (   0,    0) (   0,    0) (   0,    0) (   0,    0)
          (   0,    0) (   0,    0) (   0,    0) (   0,    0) (   0,    0) (   0,    0) (   0,    0) (   0,    0) (   0,    0) (   0,    0)
          (   0,    0) (   0,    0) (   0,    0) (   0,    0) (   0,    0) (   0,    0) (   0,    0) (   0,    0) (   0,    0) (   0,    0)
          (   0,    0) (   0,    0) (   0,    0) (   0,    0) (   0,    0) (   0,    0) (   0,    0) (   0,    0) (   0,    0) (   0,    0)
          (   0,    0) (   0,    0) (   0,    0) (   0,    0) (   0,    0) (   0,    0) (   0,    0) (   0,    0) (   0,    0) (   0,    0)
          (   0,    0) (   0,    0) (   0,    0) (   0,    0) (   0,    0) (   0,    0) (   0,    0) (   0,    0) (   0,    0) (   0,    0)
          (   0,    0) (   0,    0) (   0,    0) (   0,    0) (   0,    0) (   0,    0) (   0,    0) (   0,    0) (   0,    0) (   0,    0)
          (   0,    0) (   0,    0) (   0,    0) (   0,    0) (   0,    0) (   0,    0) (   0,    0) (   0,    0) (   0,    0) (   0,    0)
          (   0,    0) (   0,    0) (   0,    0) (   0,    0) (   0,    0) (   0,    0) (   0,    0) (   0,    0) (   0,    0) (   0,    0)
          (   0,    0) (   0,    0) (   0,    0) (   0,    0) (   0,    0) (   0,    0) (   0,    0) (   0,    0) (   0,    0) (   0,    0)
          (   0,    0) (   0,    0) (   0,    0) (   0,    0) (   0,    0) (   0,    0) (   0,    0) (   0,    0) (   0,    0) (   0,    0)
          (   0,    0) (   0,    0) (   0,    0) (   0,    0) (   0,    0) (   0,    0) (   0,    0) (   0,    0) (   0,    0) (   0,    0)
          (   0,    0) (   0,    0) (   0,    0) (   0,    0) (   0,    0) (   0,    0) (   0,    0) (   0,    0) (   0,    0) (   0,    0)
          (   0,    0) (   0,    0) (   0,    0) (   0,    0) (   0,    0) (   0,    0) (   0,    0) (   0,    0) (   0,    0) (   0,    0)
          (   0,    0) (   0,    0) (   0,    0) (   0,    0) (   0,    0) (   0,    0) (   0,    0) (   0,    0) (   0,    0) (   0,    0)
          (   0,    0) (   0,    0) (   0,    0) (   0,    0) (   0,    0) (   0,    0) (   0,    0) (   0,    0) (   0,    0) (   0,    0)
          (   0,    0) (   0,    0) (   0,    0) (   0,    0) (   0,    0) (   0,    0) (   0,    0) (   0,    0) (   0,    0) (   0,    0)
          (   0,    0) (   0,    0) (   0,    0) (   0,    0) (   0,    0) (   0,    0) (   0,    0) (   0,    0) (   0,    0) (   0,    0)
          (   0,    0) (   0,    0) (   0,    0) (   0,    0) (   0,    0) (   0,    0) (   0,    0) (   0,    0) (   0,    0) (   0,    0)
          (   0,    0) (   0,    0) (   0,    0) (   0,    0) (   0,    0) (   0,    0) (   0,    0) (   0,    0) (   0,    0) (   0,    0)
          (   0,    0) (   0,    0) (   0,    0) (   0,    0) (   0,    0) (   0,    0) (   0,    0) (   0,    0) (   0,    0) (   0,    0)
          (   0,    0) (   0,    0) (   0,    0) (   0,    0) (   0,    0) (   0,    0) (   0,    0) (   0,    0) (   0,    0) (   0,    0)
          (   0,    0) (   0,    0) (   0,    0) (   0,    0) (   0,    0) (   0,    0) (   0,    0) (   0,    0) (   0,    0) (   0,    0)
          (   0,    0) (   0,    0) (   0,    0) (   0,    0) (   0,    0) (   0,    0) (   0,    0) (   0,    0) (   0,    0) (   0,    0)
          (   0,    0) (   0,    0) (   0,    0) (   0,    0) (   0,    0) (   0,    0) (   0,    0) (   0,    0) (   0,    0) (   0,    0)
          (   0,    0) (   0,    0) (   0,    0) (   0,    0) (   0,    0) (   0,    0) (   0,    0) (   0,    0) (   0,    0) (   0,    0)
          (   0,    0) (   0,    0) (   0,    0) (   0,    0) (   0,    0) (   0,    0) (   0,    0) (   0,    0) (   0,    0) (   0,    0)
          (   0,    0) (   0,    0) (   0,    0) (   0,    0) (   0,    0) (   0,    0) (   0,    0) (   0,    0) (   0,    0) (   0,    0)
          (   0,    0) (   0,    0) (   0,    0) (   0,    0) (   0,    0) (   0,    0) (   0,    0) (   0,    0) (   0,    0) (   0,    0)
          (   0,    0) (   0,    0) (   0,    0) (   0,    0) (   0,    0) (   0,    0) (   0,    0) (   0,    0) (   0,    0) (   0,    0)
          (   0,    0) (   0,    0) (   0,    0) (   0,    0) (   0,    0) (   0,    0) (   0,    0) (   0,    0) (   0,    0) (   0,    0)
          (   0,    0) (   0,    0) (   0,    0) (   0,    0) (   0,    0) (   0,    0) (   0,    0) (   0,    0) (   0,    0) (   0,    0)
          (   0,    0) (   0,    0) (   0,    0) (   0,    0) (   0,    0) (   0,    0) (   0,    0) (   0,    0) (   0,    0) (   0,    0)
          (   0,    0) (   0,    0) (   0,    0) (   0,    0) (   0,    0) (   0,    0) (   0,    0) (   0,    0) (   0,    0) (   0,    0)
          (   0,    0) (   0,    0) (   0,    0) (   0,    0) (   0,    0) (   0,    0) (   0,    0) (   0,    0) (   0,    0) (   0,    0)
          (   0,    0) (   0,    0) (   0,    0) (   0,    0) (   0,    0) (   0,    0) (   0,    0) (   0,    0) (   0,    0) (   0,    0)
          (   0,    0) (   0,    0) (   0,    0) (   0,    0) (   0,    0) (   0,    0) (   0,    0) (   0,    0) (   0,    0) (   0,    0)
          (   0,    0) (   0,    0) (   0,    0) (   0,    0) (   0,    0) (   0,    0) (   0,    0) (   0,    0) (   0,    0) (   0,    0)
         
node   9 sent_total    971  recv_total    962

node  10  (   0,    0) (   0,    0) (   1,    0) (   0,    0) (  10,    2) (  10,   10) (  10,   10) (  10,   10) (  10,   10) (  10,   10)
          (  10,   10) (  10,   10) (  10,   10) (  10,   10) (  10,   10) (  10,   10) (  10,   10) (  10,   10) (  10,   10) (  10,   10)
          (  10,   10) (  10,   10) (  10,   10) (  10,   10) (  10,   10) (  10,   10) (  10,   10) (  10,   10) (  10,   10) (  10,   10)
          (  10,   10) (  10,   10) (  10,   10) (  10,   10) (  10,   10) (  10,   10) (  10,   10) (  10,   10) (  10,   10) (  10,   10)
          (  10,   10) (  10,   10) (  10,   10) (  10,   10) (  10,   10) (  10,   10) (  10,   10) (  10,   10) (  10,   10) (  10,   10)
          (  10,   10) (  10,   10) (  10,   10) (  10,   10) (  10,   10) (  10,   10) (  10,   10) (  10,   10) (  10,   10) (  10,   10)
          (  10,   10) (  10,   10) (  10,   10) (  10,   10) (  10,   10) (  10,   10) (  10,   10) (  10,   10) (  10,   10) (  10,   10)
          (  10,   10) (  10,   10) (  10,   10) (  10,   10) (  10,   10) (  10,   10) (  10,   10) (  10,   10) (  10,   10) (  10,   10)
          (  10,   10) (  10,   10) (  10,   10) (  10,   10) (  10,   10) (  10,   10) (  10,   10) (  10,   10) (  10,   10) (  10,   10)
          (  10,   10) (  10,   10) (  10,   10) (  10,   10) (  10,   10) (  10,   10) (  10,   10) (  10,   10) (  10,   10) (  10,   10)
          (  10,   10) (  10,   10) (  10,    5) (  10,    5) (  10,    5) (  10,    5) (  10,    5) (  10,    5) (  10,    5) (  10,    5)
          (  10,    5) (  10,    5) (  10,    5) (  10,    5) (  10,    5) (  10,    5) (  10,    5) (  10,    5) (  10,    5) (  10,    5)
          (  10,    5) (  10,    5) (  10,    5) (  10,    5) (  10,    5) (  10,    5) (  10,    5) (  10,    5) (  10,    5) (  10,    5)
          (  10,    5) (  10,    5) (  10,    5) (  10,    5) (  10,    5) (  10,    5) (  10,    5) (  10,    5) (  10,    5) (  10,    5)
          (  10,    5) (  10,    5) (  10,    5) (  10,    5) (  10,    5) (  10,    5) (  10,    5) (  10,    5) (  10,    5) (  10,    5)
          (  10,    5) (  10,    5) (  10,    5) (  10,    5) (  10,    5) (  10,    5) (  10,    5) (  10,    5) (  10,    5) (  10,    5)
          (  10,    5) (  10,    5) (  10,    5) (  10,    5) (  10,    5) (  10,    5) (  10,    5) (  10,    5) (  10,    5) (  10,    5)
          (  10,    5) (  10,    5) (  10,    5) (  10,    5) (  10,    5) (  10,    5) (  10,    5) (  10,    5) (  10,    5) (  10,    5)
          (  10,    5) (  10,    5) (  10,    5) (  10,    5) (  10,    5) (  10,    5) (  10,    5) (  10,    5) (  10,    5) (  10,    5)
          (  10,    5) (  10,    5) (  10,    5) (  10,    5) (  10,    5) (  10,    5) (  10,    5) (  10,    5) (  10,    5) (  10,    5)
          (  10,    5) (  10,    5) (  10,    5) (  10,    5) (  10,    5) (  10,    5) (  10,    5) (  10,    5) (  10,    5) (  10,    5)
          (  10,    5) (  10,    5) (  10,    5) (  10,    5) (  10,    5) (  10,    5) (  10,    5) (  10,    5) (  10,    5) (  10,    5)
          (  10,    5) (  10,    5) (  10,    5) (  10,    5) (  10,    5) (  10,    5) (  10,    5) (  10,    5) (  10,    5) (  10,    5)
          (  10,    5) (  10,    5) (  10,    5) (  10,    5) (  10,    5) (  10,    5) (  10,    5) (  10,    5) (  10,    5) (  10,    5)
          (  10,    5) (  10,    5) (  10,    5) (  10,    5) (  10,    5) (  10,    5) (  10,    5) (  10,    5) (  10,    5) (  10,    5)
          (  10,    5) (  10,    5) (  10,    5) (  10,    5) (  10,    5) (  10,    5) (  10,    5) (  10,    5) (  10,    5) (  10,    5)
          (  10,    5) (  10,    5) (  10,    5) (  10,    5) (  10,    5) (  10,    5) (  10,    5) (  10,    5) (  10,    5) (  10,    5)
          (  10,    5) (  10,    5) (  10,    5) (  10,    5) (  10,    5) (  10,    5) (  10,    5) (  10,    5) (  10,    5) (  10,    5)
          (  10,    5) (  10,    5) (  10,    5) (  10,    5) (  10,    5) (  10,    5) (  10,    5) (  10,    5) (  10,    5) (  10,    5)
          (  10,    5) (  10,    5) (  10,    5) (  10,    5) (  10,    5) (  10,    5) (  10,    5) (  10,    5) (  10,    5) (  10,    5)
          (  10,    5) (  10,    5) (  10,    5) (  10,    5) (  10,    5) (  10,    5) (  10,    5) (  10,    5) (  10,    5) (  10,    5)
          (  10,    5) (  10,    5) (  10,    5) (  10,    5) (  10,    5) (  10,    5) (  10,    5) (  10,    5) (  10,    5) (  10,    5)
          (  10,    5) (  10,    5) (  10,    5) (  10,    5) (  10,    5) (  10,    5) (  10,    5) (  10,    5) (  10,    5) (  10,    5)
          (  10,    5) (  10,    5) (  10,    5) (  10,    5) (  10,    5) (  10,    5) (  10,    5) (  10,    5) (  10,    5) (  10,    5)
          (  10,    5) (  10,    5) (  10,    5) (  10,    5) (  10,    5) (  10,    5) (  10,    5) (  10,    5) (  10,    5) (  10,    5)
          (  10,    5) (  10,    5) (  10,    5) (  10,    5) (  10,    5) (  10,    5) (  10,    5) (  10,    5) (  10,    5) (  10,    5)
          (  10,    5) (  10,    5) (  10,    5) (  10,    5) (  10,    5) (  10,    5) (  10,    5) (  10,    5) (  10,    5) (  10,    5)
          (  10,    5) (  10,    5) (  10,    5) (  10,    5) (  10,    5) (  10,    5) (  10,    5) (  10,    5) (  10,    5) (  10,    5)
          (  10,    5) (  10,    5) (  10,    5) (  10,    5) (  10,    5) (  10,    5) (  10,    5) (  10,    5) (  10,    5) (  10,    5)
          (  10,    5) (  10,    5) (  10,    5) (  10,    5) (  10,    5) (  10,    5) (  10,    5) (  10,    5) (  10,    5) (  10,    5)
          (  10,    5) (  10,    5) (  10,    5) (  10,    5) (  10,    5) (  10,    5) (  10,    5) (  10,    5) (  10,    5) (  10,    5)
          (  10,    5) (  10,    5) (  10,    5) (  10,    5) (  10,    5) (  10,    5) (  10,    5) (  10,    5) (  10,    5) (  10,    5)
          (  10,    5) (  10,    5) (  10,    5) (  10,    5) (  10,    5) (  10,    5) (  10,    5) (  10,    5) (  10,    5) (  10,    5)
          (  10,    5) (  10,    5) (  10,    5) (  10,    5) (  10,    5) (  10,    5) (  10,    5) (  10,    5) (  10,    5) (  10,    5)
          (  10,    5) (  10,    5) (  10,    5) (  10,    5) (  10,    5) (  10,    5) (  10,    5) (  10,    5) (  10,    5) (  10,    5)
          (  10,    5) (  10,    5) (  10,    5) (  10,    5) (  10,    5) (  10,    5) (  10,    5) (  10,    5) (  10,    5) (  10,    5)
          (  10,    5) (  10,    5) (  10,    5) (  10,    5) (  10,    5) (  10,    5) (  10,    5) (  10,    5) (  10,    5) (  10,    5)
          (  10,    5) (  10,    5) (  10,    5) (  10,    5) (  10,    5) (  10,    5) (  10,    5) (  10,    5) (  10,    5) (  10,    5)
          (  10,    5) (  10,    5) (  10,    5) (  10,    5) (  10,    5) (  10,    5) (  10,    5) (  10,    5) (  10,    5) (  10,    5)
          (  10,    5) (  10,    5) (  10,    5) (  10,    5) (  10,    5) (  10,    5) (  10,    5) (  10,    5) (  10,    5) (  10,    5)
          (  10,    5) (  10,    5) (  10,    5) (  10,    5) (  10,    5) (  10,    5) (  10,    5) (  10,    5) (  10,    5) (  10,    5)
          (  10,    5) (  10,    5) (  10,    5) (  10,    5) (  10,    5) (  10,    5) (  10,    5) (  10,    5) (  10,    5) (  10,    5)
          (  10,    5) (  10,    5) (  10,    5) (  10,    5) (  10,    5) (  10,    5) (  10,    5) (  10,    5) (  10,    5) (  10,    5)
          (  10,    5) (  10,    5) (  10,    5) (  10,    5) (  10,    5) (  10,    5) (  10,    5) (  10,    5) (  10,    5) (  10,    5)
          (  10,    5) (  10,    5) (  10,    5) (  10,    5) (  10,    5) (  10,    5) (  10,    5) (  10,    5) (  10,    5) (  10,    5)
          (  10,    5) (  10,    5) (  10,    5) (  10,    5) (  10,    5) (  10,    5) (  10,    5) (  10,    5) (  10,    5) (  10,    5)
          (  10,    5) (  10,    5) (  10,    5) (  10,    5) (  10,    5) (  10,    5) (  10,    5) (  10,    5) (  10,    5) (  10,    5)
          (  10,    5) (  10,    5) (  10,    5) (  10,    5) (  10,    5) (  10,    5) (  10,    5) (  10,    5) (  10,    5) (  10,    5)
          (  10,    5) (  10,    5) (  10,    5) (  10,    5) (  10,    5) (  10,    5) (  10,    5) (  10,    5) (  10,    5) (  10,    5)
          (  10,    5) (  10,    5) (  10,    5) (  10,    5) (  10,    5) (  10,    5) (  10,    5) (  10,    5) (  10,    5) (  10,    5)
          (  10,    5) (  10,    5) (  10,    5) (  10,    5) (  10,    5) (  10,    5) (  10,    5) (  10,    5) (  10,    5) (  10,    5)
          (  10,    5) (  10,    5) (  10,    5) (  10,    5) (  10,    5) (  10,    5) (  10,    5) (  10,    5) (  10,    5) (  10,    5)
          (  10,    5) (  10,    5) (  10,    5) (  10,    5) (  10,    5) (  10,    5) (  10,    5) (  10,    5) (  10,    5) (  10,    5)
          (  10,    5) (  10,    5) (  10,    5) (  10,    5) (  10,    5) (  10,    5) (  10,    5) (  10,    5) (  10,    5) (  10,    5)
          (  10,    5) (  10,    5) (  10,    5) (  10,    5) (  10,    5) (  10,    5) (  10,    5) (  10,    5) (  10,    5) (  10,    5)
          (  10,    5) (  10,    5) (  10,    5) (  10,    5) (  10,    5) (  10,    5) (  10,    5) (  10,    5) (  10,    5) (  10,    5)
          (  10,    5) (  10,    5) (  10,    5) (  10,    5) (  10,    5) (  10,    5) (  10,    5) (  10,    5) (  10,    5) (  10,    5)
          (  10,    5) (  10,    5) (  10,    5) (  10,    5) (  10,    5) (  10,    5) (  10,    5) (  10,    5) (  10,    5) (  10,    5)
          (  10,    5) (  10,    5) (  10,    5) (  10,    5) (  10,    5) (  10,    5) (  10,    5) (  10,    5) (  10,    5) (  10,    5)
          (  10,    5) (  10,    5) (  10,    5) (  10,    5) (  10,    5) (  10,    5) (  10,    5) (  10,    5) (  10,    5) (  10,    5)
         
node  10 sent_total   6961  recv_total   3962

